{"D:\\SE113\\FashionShop_SE113_SoftwareTesting\\backend\\app.js": {"path":"D:\\SE113\\FashionShop_SE113_SoftwareTesting\\backend\\app.js","statementMap":{"0":{"start":{"line":4,"column":12},"end":{"line":4,"column":21}},"1":{"start":{"line":14,"column":19},"end":{"line":14,"column":49}},"2":{"start":{"line":15,"column":18},"end":{"line":15,"column":42}},"3":{"start":{"line":25,"column":0},"end":{"line":29,"column":3}},"4":{"start":{"line":26,"column":2},"end":{"line":26,"column":29}},"5":{"start":{"line":27,"column":2},"end":{"line":27,"column":55}},"6":{"start":{"line":28,"column":2},"end":{"line":28,"column":18}},"7":{"start":{"line":52,"column":0},"end":{"line":52,"column":18}},"8":{"start":{"line":54,"column":0},"end":{"line":61,"column":2}},"9":{"start":{"line":58,"column":6},"end":{"line":58,"column":24}},"10":{"start":{"line":63,"column":0},"end":{"line":63,"column":24}},"11":{"start":{"line":66,"column":0},"end":{"line":73,"column":2}},"12":{"start":{"line":78,"column":0},"end":{"line":78,"column":31}},"13":{"start":{"line":79,"column":0},"end":{"line":79,"column":28}},"14":{"start":{"line":92,"column":0},"end":{"line":92,"column":31}},"15":{"start":{"line":93,"column":0},"end":{"line":93,"column":28}},"16":{"start":{"line":94,"column":0},"end":{"line":94,"column":29}},"17":{"start":{"line":96,"column":0},"end":{"line":96,"column":16}},"18":{"start":{"line":97,"column":0},"end":{"line":97,"column":35}},"19":{"start":{"line":98,"column":0},"end":{"line":98,"column":31}},"20":{"start":{"line":99,"column":0},"end":{"line":99,"column":30}},"21":{"start":{"line":100,"column":0},"end":{"line":100,"column":28}},"22":{"start":{"line":101,"column":0},"end":{"line":101,"column":30}},"23":{"start":{"line":102,"column":0},"end":{"line":102,"column":31}},"24":{"start":{"line":104,"column":0},"end":{"line":109,"column":1}},"25":{"start":{"line":105,"column":2},"end":{"line":105,"column":69}},"26":{"start":{"line":106,"column":2},"end":{"line":108,"column":5}},"27":{"start":{"line":107,"column":4},"end":{"line":107,"column":74}},"28":{"start":{"line":111,"column":0},"end":{"line":111,"column":26}},"29":{"start":{"line":114,"column":15},"end":{"line":118,"column":2}},"30":{"start":{"line":115,"column":2},"end":{"line":117,"column":4}},"31":{"start":{"line":121,"column":0},"end":{"line":127,"column":3}},"32":{"start":{"line":122,"column":2},"end":{"line":122,"column":31}},"33":{"start":{"line":123,"column":2},"end":{"line":123,"column":73}},"34":{"start":{"line":124,"column":2},"end":{"line":126,"column":5}},"35":{"start":{"line":125,"column":4},"end":{"line":125,"column":20}}},"fnMap":{"0":{"name":"(anonymous_0)","decl":{"start":{"line":25,"column":32},"end":{"line":25,"column":33}},"loc":{"start":{"line":25,"column":41},"end":{"line":29,"column":1}},"line":25},"1":{"name":"(anonymous_1)","decl":{"start":{"line":57,"column":12},"end":{"line":57,"column":13}},"loc":{"start":{"line":57,"column":31},"end":{"line":59,"column":5}},"line":57},"2":{"name":"(anonymous_2)","decl":{"start":{"line":106,"column":15},"end":{"line":106,"column":16}},"loc":{"start":{"line":106,"column":29},"end":{"line":108,"column":3}},"line":106},"3":{"name":"(anonymous_3)","decl":{"start":{"line":114,"column":44},"end":{"line":114,"column":45}},"loc":{"start":{"line":114,"column":50},"end":{"line":118,"column":1}},"line":114},"4":{"name":"(anonymous_4)","decl":{"start":{"line":121,"column":33},"end":{"line":121,"column":34}},"loc":{"start":{"line":121,"column":42},"end":{"line":127,"column":1}},"line":121},"5":{"name":"(anonymous_5)","decl":{"start":{"line":124,"column":15},"end":{"line":124,"column":16}},"loc":{"start":{"line":124,"column":21},"end":{"line":126,"column":3}},"line":124}},"branchMap":{"0":{"loc":{"start":{"line":104,"column":0},"end":{"line":109,"column":1}},"type":"if","locations":[{"start":{"line":104,"column":0},"end":{"line":109,"column":1}},{"start":{},"end":{}}],"line":104}},"s":{"0":1,"1":1,"2":1,"3":1,"4":0,"5":0,"6":0,"7":1,"8":1,"9":1,"10":1,"11":1,"12":1,"13":1,"14":1,"15":1,"16":1,"17":1,"18":1,"19":1,"20":1,"21":1,"22":1,"23":1,"24":1,"25":0,"26":0,"27":0,"28":1,"29":1,"30":1,"31":1,"32":0,"33":0,"34":0,"35":0},"f":{"0":0,"1":1,"2":0,"3":1,"4":0,"5":0},"b":{"0":[0,1]},"inputSourceMap":null,"_coverageSchema":"1a1c01bbd47fc00a2c39e90264f33305004495a9","hash":"9e81b77bcf707df7b0502cbc94c2be847975e34d"}
,"D:\\SE113\\FashionShop_SE113_SoftwareTesting\\backend\\sum.js": {"path":"D:\\SE113\\FashionShop_SE113_SoftwareTesting\\backend\\sum.js","statementMap":{"0":{"start":{"line":2,"column":2},"end":{"line":2,"column":15}}},"fnMap":{"0":{"name":"(anonymous_0)","decl":{"start":{"line":1,"column":21},"end":{"line":1,"column":22}},"loc":{"start":{"line":1,"column":31},"end":{"line":3,"column":1}},"line":1}},"branchMap":{},"s":{"0":6},"f":{"0":6},"b":{},"inputSourceMap":null,"_coverageSchema":"1a1c01bbd47fc00a2c39e90264f33305004495a9","hash":"f384cca7024648a265fab15b302126dc403b1884"}
,"D:\\SE113\\FashionShop_SE113_SoftwareTesting\\backend\\config\\dbConnect.js": {"path":"D:\\SE113\\FashionShop_SE113_SoftwareTesting\\backend\\config\\dbConnect.js","statementMap":{"0":{"start":{"line":5,"column":31},"end":{"line":19,"column":1}},"1":{"start":{"line":7,"column":15},"end":{"line":7,"column":17}},"2":{"start":{"line":9,"column":2},"end":{"line":9,"column":75}},"3":{"start":{"line":9,"column":41},"end":{"line":9,"column":75}},"4":{"start":{"line":10,"column":2},"end":{"line":10,"column":74}},"5":{"start":{"line":10,"column":46},"end":{"line":10,"column":74}},"6":{"start":{"line":11,"column":2},"end":{"line":11,"column":73}},"7":{"start":{"line":11,"column":45},"end":{"line":11,"column":73}},"8":{"start":{"line":12,"column":2},"end":{"line":12,"column":67}},"9":{"start":{"line":12,"column":39},"end":{"line":12,"column":67}},"10":{"start":{"line":16,"column":2},"end":{"line":18,"column":5}},"11":{"start":{"line":17,"column":4},"end":{"line":17,"column":79}}},"fnMap":{"0":{"name":"(anonymous_0)","decl":{"start":{"line":5,"column":31},"end":{"line":5,"column":32}},"loc":{"start":{"line":5,"column":37},"end":{"line":19,"column":1}},"line":5},"1":{"name":"(anonymous_1)","decl":{"start":{"line":16,"column":32},"end":{"line":16,"column":33}},"loc":{"start":{"line":16,"column":41},"end":{"line":18,"column":3}},"line":16}},"branchMap":{"0":{"loc":{"start":{"line":9,"column":2},"end":{"line":9,"column":75}},"type":"if","locations":[{"start":{"line":9,"column":2},"end":{"line":9,"column":75}},{"start":{},"end":{}}],"line":9},"1":{"loc":{"start":{"line":10,"column":2},"end":{"line":10,"column":74}},"type":"if","locations":[{"start":{"line":10,"column":2},"end":{"line":10,"column":74}},{"start":{},"end":{}}],"line":10},"2":{"loc":{"start":{"line":11,"column":2},"end":{"line":11,"column":73}},"type":"if","locations":[{"start":{"line":11,"column":2},"end":{"line":11,"column":73}},{"start":{},"end":{}}],"line":11},"3":{"loc":{"start":{"line":12,"column":2},"end":{"line":12,"column":67}},"type":"if","locations":[{"start":{"line":12,"column":2},"end":{"line":12,"column":67}},{"start":{},"end":{}}],"line":12}},"s":{"0":1,"1":1,"2":1,"3":0,"4":1,"5":0,"6":1,"7":0,"8":1,"9":1,"10":1,"11":1},"f":{"0":1,"1":1},"b":{"0":[0,1],"1":[0,1],"2":[0,1],"3":[1,0]},"inputSourceMap":null,"_coverageSchema":"1a1c01bbd47fc00a2c39e90264f33305004495a9","hash":"aee0f7a2f3cf098227fb1c9f14c594b3ad51db28"}
,"D:\\SE113\\FashionShop_SE113_SoftwareTesting\\backend\\controllers\\addressController.js": {"path":"D:\\SE113\\FashionShop_SE113_SoftwareTesting\\backend\\controllers\\addressController.js","statementMap":{"0":{"start":{"line":4,"column":30},"end":{"line":13,"column":2}},"1":{"start":{"line":6,"column":18},"end":{"line":9,"column":3}},"2":{"start":{"line":10,"column":19},"end":{"line":10,"column":39}},"3":{"start":{"line":12,"column":2},"end":{"line":12,"column":50}}},"fnMap":{"0":{"name":"(anonymous_0)","decl":{"start":{"line":4,"column":47},"end":{"line":4,"column":48}},"loc":{"start":{"line":4,"column":73},"end":{"line":13,"column":1}},"line":4}},"branchMap":{},"s":{"0":1,"1":0,"2":0,"3":0},"f":{"0":0},"b":{},"inputSourceMap":null,"_coverageSchema":"1a1c01bbd47fc00a2c39e90264f33305004495a9","hash":"f4f94caafae095d7f9f8430a6a13c53685a5480a"}
,"D:\\SE113\\FashionShop_SE113_SoftwareTesting\\backend\\controllers\\authControllers.js": {"path":"D:\\SE113\\FashionShop_SE113_SoftwareTesting\\backend\\controllers\\authControllers.js","statementMap":{"0":{"start":{"line":12,"column":28},"end":{"line":26,"column":2}},"1":{"start":{"line":14,"column":51},"end":{"line":14,"column":59}},"2":{"start":{"line":17,"column":15},"end":{"line":23,"column":4}},"3":{"start":{"line":25,"column":2},"end":{"line":25,"column":27}},"4":{"start":{"line":30,"column":25},"end":{"line":57,"column":2}},"5":{"start":{"line":32,"column":28},"end":{"line":32,"column":36}},"6":{"start":{"line":35,"column":2},"end":{"line":37,"column":3}},"7":{"start":{"line":36,"column":4},"end":{"line":36,"column":74}},"8":{"start":{"line":40,"column":15},"end":{"line":40,"column":62}},"9":{"start":{"line":43,"column":2},"end":{"line":45,"column":3}},"10":{"start":{"line":44,"column":4},"end":{"line":44,"column":73}},"11":{"start":{"line":48,"column":28},"end":{"line":48,"column":64}},"12":{"start":{"line":51,"column":2},"end":{"line":53,"column":3}},"13":{"start":{"line":52,"column":4},"end":{"line":52,"column":76}},"14":{"start":{"line":56,"column":2},"end":{"line":56,"column":28}},"15":{"start":{"line":61,"column":22},"end":{"line":71,"column":2}},"16":{"start":{"line":63,"column":2},"end":{"line":66,"column":5}},"17":{"start":{"line":68,"column":2},"end":{"line":70,"column":5}},"18":{"start":{"line":74,"column":28},"end":{"line":94,"column":2}},"19":{"start":{"line":75,"column":2},"end":{"line":75,"column":41}},"20":{"start":{"line":76,"column":25},"end":{"line":76,"column":82}},"21":{"start":{"line":79,"column":2},"end":{"line":85,"column":3}},"22":{"start":{"line":80,"column":4},"end":{"line":84,"column":5}},"23":{"start":{"line":81,"column":6},"end":{"line":81,"column":54}},"24":{"start":{"line":83,"column":6},"end":{"line":83,"column":62}},"25":{"start":{"line":87,"column":15},"end":{"line":89,"column":4}},"26":{"start":{"line":91,"column":2},"end":{"line":93,"column":5}},"27":{"start":{"line":96,"column":22},"end":{"line":105,"column":2}},"28":{"start":{"line":97,"column":2},"end":{"line":97,"column":37}},"29":{"start":{"line":98,"column":25},"end":{"line":98,"column":82}},"30":{"start":{"line":100,"column":2},"end":{"line":104,"column":5}},"31":{"start":{"line":108,"column":30},"end":{"line":154,"column":2}},"32":{"start":{"line":110,"column":15},"end":{"line":110,"column":60}},"33":{"start":{"line":112,"column":2},"end":{"line":114,"column":3}},"34":{"start":{"line":113,"column":4},"end":{"line":113,"column":63}},"35":{"start":{"line":117,"column":21},"end":{"line":117,"column":49}},"36":{"start":{"line":119,"column":2},"end":{"line":119,"column":20}},"37":{"start":{"line":125,"column":2},"end":{"line":129,"column":3}},"38":{"start":{"line":126,"column":4},"end":{"line":126,"column":74}},"39":{"start":{"line":128,"column":4},"end":{"line":128,"column":79}},"40":{"start":{"line":132,"column":18},"end":{"line":132,"column":64}},"41":{"start":{"line":134,"column":2},"end":{"line":153,"column":3}},"42":{"start":{"line":136,"column":4},"end":{"line":140,"column":7}},"43":{"start":{"line":142,"column":4},"end":{"line":145,"column":7}},"44":{"start":{"line":148,"column":4},"end":{"line":148,"column":40}},"45":{"start":{"line":149,"column":4},"end":{"line":149,"column":41}},"46":{"start":{"line":151,"column":4},"end":{"line":151,"column":22}},"47":{"start":{"line":152,"column":4},"end":{"line":152,"column":55}},"48":{"start":{"line":157,"column":29},"end":{"line":200,"column":2}},"49":{"start":{"line":159,"column":29},"end":{"line":162,"column":18}},"50":{"start":{"line":164,"column":15},"end":{"line":167,"column":24}},"51":{"start":{"line":169,"column":2},"end":{"line":176,"column":3}},"52":{"start":{"line":170,"column":4},"end":{"line":175,"column":6}},"53":{"start":{"line":179,"column":2},"end":{"line":181,"column":3}},"54":{"start":{"line":180,"column":4},"end":{"line":180,"column":62}},"55":{"start":{"line":184,"column":2},"end":{"line":184,"column":32}},"56":{"start":{"line":186,"column":25},"end":{"line":186,"column":70}},"57":{"start":{"line":187,"column":2},"end":{"line":189,"column":3}},"58":{"start":{"line":188,"column":4},"end":{"line":188,"column":88}},"59":{"start":{"line":192,"column":2},"end":{"line":192,"column":36}},"60":{"start":{"line":194,"column":2},"end":{"line":194,"column":38}},"61":{"start":{"line":195,"column":2},"end":{"line":195,"column":39}},"62":{"start":{"line":197,"column":2},"end":{"line":197,"column":20}},"63":{"start":{"line":199,"column":2},"end":{"line":199,"column":28}},"64":{"start":{"line":203,"column":30},"end":{"line":211,"column":2}},"65":{"start":{"line":205,"column":15},"end":{"line":205,"column":50}},"66":{"start":{"line":208,"column":2},"end":{"line":210,"column":5}},"67":{"start":{"line":214,"column":30},"end":{"line":234,"column":2}},"68":{"start":{"line":216,"column":15},"end":{"line":216,"column":70}},"69":{"start":{"line":219,"column":28},"end":{"line":219,"column":76}},"70":{"start":{"line":222,"column":2},"end":{"line":224,"column":3}},"71":{"start":{"line":223,"column":4},"end":{"line":223,"column":70}},"72":{"start":{"line":227,"column":2},"end":{"line":227,"column":36}},"73":{"start":{"line":228,"column":2},"end":{"line":228,"column":14}},"74":{"start":{"line":231,"column":2},"end":{"line":233,"column":5}},"75":{"start":{"line":237,"column":29},"end":{"line":255,"column":2}},"76":{"start":{"line":239,"column":22},"end":{"line":244,"column":3}},"77":{"start":{"line":247,"column":15},"end":{"line":249,"column":4}},"78":{"start":{"line":252,"column":2},"end":{"line":254,"column":5}},"79":{"start":{"line":258,"column":24},"end":{"line":266,"column":2}},"80":{"start":{"line":260,"column":16},"end":{"line":260,"column":33}},"81":{"start":{"line":263,"column":2},"end":{"line":265,"column":5}},"82":{"start":{"line":269,"column":30},"end":{"line":285,"column":2}},"83":{"start":{"line":271,"column":15},"end":{"line":271,"column":49}},"84":{"start":{"line":274,"column":2},"end":{"line":279,"column":3}},"85":{"start":{"line":276,"column":4},"end":{"line":278,"column":6}},"86":{"start":{"line":282,"column":2},"end":{"line":284,"column":5}},"87":{"start":{"line":288,"column":26},"end":{"line":307,"column":2}},"88":{"start":{"line":290,"column":22},"end":{"line":296,"column":3}},"89":{"start":{"line":299,"column":15},"end":{"line":301,"column":4}},"90":{"start":{"line":304,"column":2},"end":{"line":306,"column":5}},"91":{"start":{"line":310,"column":26},"end":{"line":334,"column":2}},"92":{"start":{"line":312,"column":15},"end":{"line":312,"column":49}},"93":{"start":{"line":315,"column":2},"end":{"line":320,"column":3}},"94":{"start":{"line":317,"column":4},"end":{"line":319,"column":6}},"95":{"start":{"line":323,"column":2},"end":{"line":325,"column":3}},"96":{"start":{"line":324,"column":4},"end":{"line":324,"column":47}},"97":{"start":{"line":328,"column":2},"end":{"line":328,"column":25}},"98":{"start":{"line":331,"column":2},"end":{"line":333,"column":5}}},"fnMap":{"0":{"name":"(anonymous_0)","decl":{"start":{"line":12,"column":45},"end":{"line":12,"column":46}},"loc":{"start":{"line":12,"column":71},"end":{"line":26,"column":1}},"line":12},"1":{"name":"(anonymous_1)","decl":{"start":{"line":30,"column":42},"end":{"line":30,"column":43}},"loc":{"start":{"line":30,"column":68},"end":{"line":57,"column":1}},"line":30},"2":{"name":"(anonymous_2)","decl":{"start":{"line":61,"column":39},"end":{"line":61,"column":40}},"loc":{"start":{"line":61,"column":65},"end":{"line":71,"column":1}},"line":61},"3":{"name":"(anonymous_3)","decl":{"start":{"line":74,"column":45},"end":{"line":74,"column":46}},"loc":{"start":{"line":74,"column":71},"end":{"line":94,"column":1}},"line":74},"4":{"name":"(anonymous_4)","decl":{"start":{"line":96,"column":39},"end":{"line":96,"column":40}},"loc":{"start":{"line":96,"column":65},"end":{"line":105,"column":1}},"line":96},"5":{"name":"(anonymous_5)","decl":{"start":{"line":108,"column":47},"end":{"line":108,"column":48}},"loc":{"start":{"line":108,"column":73},"end":{"line":154,"column":1}},"line":108},"6":{"name":"(anonymous_6)","decl":{"start":{"line":157,"column":46},"end":{"line":157,"column":47}},"loc":{"start":{"line":157,"column":72},"end":{"line":200,"column":1}},"line":157},"7":{"name":"(anonymous_7)","decl":{"start":{"line":203,"column":47},"end":{"line":203,"column":48}},"loc":{"start":{"line":203,"column":73},"end":{"line":211,"column":1}},"line":203},"8":{"name":"(anonymous_8)","decl":{"start":{"line":214,"column":47},"end":{"line":214,"column":48}},"loc":{"start":{"line":214,"column":73},"end":{"line":234,"column":1}},"line":214},"9":{"name":"(anonymous_9)","decl":{"start":{"line":237,"column":46},"end":{"line":237,"column":47}},"loc":{"start":{"line":237,"column":72},"end":{"line":255,"column":1}},"line":237},"10":{"name":"(anonymous_10)","decl":{"start":{"line":258,"column":41},"end":{"line":258,"column":42}},"loc":{"start":{"line":258,"column":67},"end":{"line":266,"column":1}},"line":258},"11":{"name":"(anonymous_11)","decl":{"start":{"line":269,"column":47},"end":{"line":269,"column":48}},"loc":{"start":{"line":269,"column":73},"end":{"line":285,"column":1}},"line":269},"12":{"name":"(anonymous_12)","decl":{"start":{"line":288,"column":43},"end":{"line":288,"column":44}},"loc":{"start":{"line":288,"column":69},"end":{"line":307,"column":1}},"line":288},"13":{"name":"(anonymous_13)","decl":{"start":{"line":310,"column":43},"end":{"line":310,"column":44}},"loc":{"start":{"line":310,"column":69},"end":{"line":334,"column":1}},"line":310}},"branchMap":{"0":{"loc":{"start":{"line":35,"column":2},"end":{"line":37,"column":3}},"type":"if","locations":[{"start":{"line":35,"column":2},"end":{"line":37,"column":3}},{"start":{},"end":{}}],"line":35},"1":{"loc":{"start":{"line":35,"column":5},"end":{"line":35,"column":24}},"type":"binary-expr","locations":[{"start":{"line":35,"column":5},"end":{"line":35,"column":11}},{"start":{"line":35,"column":15},"end":{"line":35,"column":24}}],"line":35},"2":{"loc":{"start":{"line":43,"column":2},"end":{"line":45,"column":3}},"type":"if","locations":[{"start":{"line":43,"column":2},"end":{"line":45,"column":3}},{"start":{},"end":{}}],"line":43},"3":{"loc":{"start":{"line":51,"column":2},"end":{"line":53,"column":3}},"type":"if","locations":[{"start":{"line":51,"column":2},"end":{"line":53,"column":3}},{"start":{},"end":{}}],"line":51},"4":{"loc":{"start":{"line":79,"column":2},"end":{"line":85,"column":3}},"type":"if","locations":[{"start":{"line":79,"column":2},"end":{"line":85,"column":3}},{"start":{},"end":{}}],"line":79},"5":{"loc":{"start":{"line":112,"column":2},"end":{"line":114,"column":3}},"type":"if","locations":[{"start":{"line":112,"column":2},"end":{"line":114,"column":3}},{"start":{},"end":{}}],"line":112},"6":{"loc":{"start":{"line":125,"column":2},"end":{"line":129,"column":3}},"type":"if","locations":[{"start":{"line":125,"column":2},"end":{"line":129,"column":3}},{"start":{"line":127,"column":9},"end":{"line":129,"column":3}}],"line":125},"7":{"loc":{"start":{"line":169,"column":2},"end":{"line":176,"column":3}},"type":"if","locations":[{"start":{"line":169,"column":2},"end":{"line":176,"column":3}},{"start":{},"end":{}}],"line":169},"8":{"loc":{"start":{"line":179,"column":2},"end":{"line":181,"column":3}},"type":"if","locations":[{"start":{"line":179,"column":2},"end":{"line":181,"column":3}},{"start":{},"end":{}}],"line":179},"9":{"loc":{"start":{"line":187,"column":2},"end":{"line":189,"column":3}},"type":"if","locations":[{"start":{"line":187,"column":2},"end":{"line":189,"column":3}},{"start":{},"end":{}}],"line":187},"10":{"loc":{"start":{"line":222,"column":2},"end":{"line":224,"column":3}},"type":"if","locations":[{"start":{"line":222,"column":2},"end":{"line":224,"column":3}},{"start":{},"end":{}}],"line":222},"11":{"loc":{"start":{"line":274,"column":2},"end":{"line":279,"column":3}},"type":"if","locations":[{"start":{"line":274,"column":2},"end":{"line":279,"column":3}},{"start":{},"end":{}}],"line":274},"12":{"loc":{"start":{"line":315,"column":2},"end":{"line":320,"column":3}},"type":"if","locations":[{"start":{"line":315,"column":2},"end":{"line":320,"column":3}},{"start":{},"end":{}}],"line":315},"13":{"loc":{"start":{"line":323,"column":2},"end":{"line":325,"column":3}},"type":"if","locations":[{"start":{"line":323,"column":2},"end":{"line":325,"column":3}},{"start":{},"end":{}}],"line":323}},"s":{"0":13,"1":0,"2":0,"3":0,"4":13,"5":1,"6":1,"7":0,"8":1,"9":1,"10":0,"11":1,"12":1,"13":0,"14":1,"15":13,"16":0,"17":0,"18":13,"19":1,"20":1,"21":1,"22":1,"23":1,"24":0,"25":1,"26":1,"27":13,"28":1,"29":1,"30":1,"31":13,"32":4,"33":4,"34":1,"35":3,"36":3,"37":3,"38":2,"39":1,"40":3,"41":3,"42":3,"43":2,"44":1,"45":1,"46":1,"47":1,"48":13,"49":4,"50":4,"51":4,"52":1,"53":3,"54":1,"55":2,"56":2,"57":2,"58":1,"59":1,"60":1,"61":1,"62":1,"63":1,"64":13,"65":0,"66":0,"67":13,"68":2,"69":2,"70":2,"71":1,"72":1,"73":1,"74":1,"75":13,"76":0,"77":0,"78":0,"79":13,"80":0,"81":0,"82":13,"83":0,"84":0,"85":0,"86":0,"87":13,"88":0,"89":0,"90":0,"91":13,"92":0,"93":0,"94":0,"95":0,"96":0,"97":0,"98":0},"f":{"0":0,"1":1,"2":0,"3":1,"4":1,"5":4,"6":4,"7":0,"8":2,"9":0,"10":0,"11":0,"12":0,"13":0},"b":{"0":[0,1],"1":[1,1],"2":[0,1],"3":[0,1],"4":[1,0],"5":[1,3],"6":[2,1],"7":[1,3],"8":[1,2],"9":[1,1],"10":[1,1],"11":[0,0],"12":[0,0],"13":[0,0]},"inputSourceMap":null,"_coverageSchema":"1a1c01bbd47fc00a2c39e90264f33305004495a9","hash":"be1733de288389e5d40831ecd4ca4132ba8433ff"}
,"D:\\SE113\\FashionShop_SE113_SoftwareTesting\\backend\\controllers\\momoController.js": {"path":"D:\\SE113\\FashionShop_SE113_SoftwareTesting\\backend\\controllers\\momoController.js","statementMap":{"0":{"start":{"line":7,"column":15},"end":{"line":19,"column":1}},"1":{"start":{"line":22,"column":30},"end":{"line":168,"column":2}},"2":{"start":{"line":24,"column":4},"end":{"line":26,"column":8}},"3":{"start":{"line":28,"column":20},"end":{"line":28,"column":73}},"4":{"start":{"line":30,"column":18},"end":{"line":47,"column":3}},"5":{"start":{"line":50,"column":16},"end":{"line":61,"column":4}},"6":{"start":{"line":51,"column":4},"end":{"line":60,"column":6}},"7":{"start":{"line":64,"column":19},"end":{"line":75,"column":3}},"8":{"start":{"line":78,"column":23},"end":{"line":85,"column":3}},"9":{"start":{"line":90,"column":20},"end":{"line":90,"column":48}},"10":{"start":{"line":92,"column":17},"end":{"line":92,"column":52}},"11":{"start":{"line":93,"column":20},"end":{"line":93,"column":56}},"12":{"start":{"line":97,"column":4},"end":{"line":116,"column":22}},"13":{"start":{"line":123,"column":20},"end":{"line":125,"column":18}},"14":{"start":{"line":130,"column":22},"end":{"line":147,"column":4}},"15":{"start":{"line":150,"column":18},"end":{"line":158,"column":3}},"16":{"start":{"line":160,"column":2},"end":{"line":167,"column":3}},"17":{"start":{"line":161,"column":19},"end":{"line":161,"column":39}},"18":{"start":{"line":162,"column":4},"end":{"line":162,"column":29}},"19":{"start":{"line":163,"column":4},"end":{"line":163,"column":45}},"20":{"start":{"line":165,"column":4},"end":{"line":165,"column":31}},"21":{"start":{"line":171,"column":32},"end":{"line":266,"column":2}},"22":{"start":{"line":172,"column":15},"end":{"line":172,"column":17}},"23":{"start":{"line":182,"column":6},"end":{"line":182,"column":14}},"24":{"start":{"line":184,"column":2},"end":{"line":262,"column":3}},"25":{"start":{"line":186,"column":6},"end":{"line":211,"column":22}},"26":{"start":{"line":218,"column":28},"end":{"line":220,"column":20}},"27":{"start":{"line":224,"column":4},"end":{"line":258,"column":5}},"28":{"start":{"line":225,"column":6},"end":{"line":225,"column":30}},"29":{"start":{"line":226,"column":6},"end":{"line":226,"column":52}},"30":{"start":{"line":228,"column":6},"end":{"line":257,"column":7}},"31":{"start":{"line":229,"column":8},"end":{"line":229,"column":32}},"32":{"start":{"line":230,"column":8},"end":{"line":230,"column":49}},"33":{"start":{"line":250,"column":8},"end":{"line":253,"column":10}},"34":{"start":{"line":255,"column":8},"end":{"line":255,"column":31}},"35":{"start":{"line":256,"column":8},"end":{"line":256,"column":42}},"36":{"start":{"line":260,"column":4},"end":{"line":260,"column":27}},"37":{"start":{"line":261,"column":4},"end":{"line":261,"column":39}},"38":{"start":{"line":265,"column":2},"end":{"line":265,"column":19}}},"fnMap":{"0":{"name":"(anonymous_0)","decl":{"start":{"line":22,"column":47},"end":{"line":22,"column":48}},"loc":{"start":{"line":22,"column":73},"end":{"line":168,"column":1}},"line":22},"1":{"name":"(anonymous_1)","decl":{"start":{"line":50,"column":39},"end":{"line":50,"column":40}},"loc":{"start":{"line":50,"column":47},"end":{"line":61,"column":3}},"line":50},"2":{"name":"(anonymous_2)","decl":{"start":{"line":171,"column":49},"end":{"line":171,"column":50}},"loc":{"start":{"line":171,"column":75},"end":{"line":266,"column":1}},"line":171}},"branchMap":{"0":{"loc":{"start":{"line":14,"column":15},"end":{"line":14,"column":146}},"type":"cond-expr","locations":[{"start":{"line":14,"column":56},"end":{"line":14,"column":99}},{"start":{"line":14,"column":102},"end":{"line":14,"column":146}}],"line":14},"1":{"loc":{"start":{"line":15,"column":10},"end":{"line":15,"column":157}},"type":"cond-expr","locations":[{"start":{"line":15,"column":51},"end":{"line":15,"column":102}},{"start":{"line":15,"column":105},"end":{"line":15,"column":157}}],"line":15},"2":{"loc":{"start":{"line":25,"column":5},"end":{"line":25,"column":46}},"type":"cond-expr","locations":[{"start":{"line":25,"column":21},"end":{"line":25,"column":34}},{"start":{"line":25,"column":37},"end":{"line":25,"column":46}}],"line":25},"3":{"loc":{"start":{"line":224,"column":4},"end":{"line":258,"column":5}},"type":"if","locations":[{"start":{"line":224,"column":4},"end":{"line":258,"column":5}},{"start":{"line":227,"column":11},"end":{"line":258,"column":5}}],"line":224},"4":{"loc":{"start":{"line":228,"column":6},"end":{"line":257,"column":7}},"type":"if","locations":[{"start":{"line":228,"column":6},"end":{"line":257,"column":7}},{"start":{"line":231,"column":13},"end":{"line":257,"column":7}}],"line":228}},"s":{"0":1,"1":1,"2":0,"3":0,"4":0,"5":0,"6":0,"7":0,"8":0,"9":0,"10":0,"11":0,"12":0,"13":0,"14":0,"15":0,"16":0,"17":0,"18":0,"19":0,"20":0,"21":1,"22":0,"23":0,"24":0,"25":0,"26":0,"27":0,"28":0,"29":0,"30":0,"31":0,"32":0,"33":0,"34":0,"35":0,"36":0,"37":0,"38":0},"f":{"0":0,"1":0,"2":0},"b":{"0":[0,1],"1":[0,1],"2":[0,0],"3":[0,0],"4":[0,0]},"inputSourceMap":null,"_coverageSchema":"1a1c01bbd47fc00a2c39e90264f33305004495a9","hash":"114af2e7d1d5f0de02f4ff17512d696b837d544c"}
,"D:\\SE113\\FashionShop_SE113_SoftwareTesting\\backend\\controllers\\orderControllers.js": {"path":"D:\\SE113\\FashionShop_SE113_SoftwareTesting\\backend\\controllers\\orderControllers.js","statementMap":{"0":{"start":{"line":7,"column":25},"end":{"line":7,"column":29}},"1":{"start":{"line":10,"column":24},"end":{"line":51,"column":2}},"2":{"start":{"line":20,"column":6},"end":{"line":20,"column":14}},"3":{"start":{"line":23,"column":16},"end":{"line":32,"column":4}},"4":{"start":{"line":38,"column":2},"end":{"line":45,"column":3}},"5":{"start":{"line":40,"column":4},"end":{"line":40,"column":47}},"6":{"start":{"line":42,"column":4},"end":{"line":42,"column":46}},"7":{"start":{"line":44,"column":4},"end":{"line":44,"column":39}},"8":{"start":{"line":48,"column":2},"end":{"line":50,"column":5}},"9":{"start":{"line":54,"column":24},"end":{"line":74,"column":2}},"10":{"start":{"line":56,"column":19},"end":{"line":56,"column":45}},"11":{"start":{"line":57,"column":23},"end":{"line":57,"column":54}},"12":{"start":{"line":59,"column":2},"end":{"line":61,"column":3}},"13":{"start":{"line":60,"column":4},"end":{"line":60,"column":58}},"14":{"start":{"line":64,"column":17},"end":{"line":64,"column":57}},"15":{"start":{"line":65,"column":20},"end":{"line":65,"column":33}},"16":{"start":{"line":67,"column":2},"end":{"line":67,"column":99}},"17":{"start":{"line":70,"column":2},"end":{"line":73,"column":5}},"18":{"start":{"line":77,"column":31},"end":{"line":99,"column":2}},"19":{"start":{"line":78,"column":19},"end":{"line":78,"column":50}},"20":{"start":{"line":79,"column":22},"end":{"line":79,"column":53}},"21":{"start":{"line":81,"column":2},"end":{"line":83,"column":3}},"22":{"start":{"line":82,"column":4},"end":{"line":82,"column":57}},"23":{"start":{"line":86,"column":16},"end":{"line":86,"column":82}},"24":{"start":{"line":89,"column":2},"end":{"line":91,"column":3}},"25":{"start":{"line":90,"column":4},"end":{"line":90,"column":77}},"26":{"start":{"line":93,"column":2},"end":{"line":93,"column":85}},"27":{"start":{"line":96,"column":2},"end":{"line":98,"column":5}},"28":{"start":{"line":102,"column":25},"end":{"line":122,"column":2}},"29":{"start":{"line":104,"column":19},"end":{"line":104,"column":30}},"30":{"start":{"line":105,"column":23},"end":{"line":105,"column":54}},"31":{"start":{"line":107,"column":2},"end":{"line":109,"column":3}},"32":{"start":{"line":108,"column":4},"end":{"line":108,"column":58}},"33":{"start":{"line":112,"column":17},"end":{"line":112,"column":35}},"34":{"start":{"line":113,"column":20},"end":{"line":113,"column":33}},"35":{"start":{"line":115,"column":2},"end":{"line":115,"column":99}},"36":{"start":{"line":118,"column":2},"end":{"line":121,"column":5}},"37":{"start":{"line":125,"column":27},"end":{"line":199,"column":2}},"38":{"start":{"line":127,"column":16},"end":{"line":127,"column":51}},"39":{"start":{"line":130,"column":2},"end":{"line":132,"column":3}},"40":{"start":{"line":131,"column":4},"end":{"line":131,"column":77}},"41":{"start":{"line":135,"column":2},"end":{"line":137,"column":3}},"42":{"start":{"line":136,"column":4},"end":{"line":136,"column":73}},"43":{"start":{"line":140,"column":2},"end":{"line":142,"column":3}},"44":{"start":{"line":141,"column":4},"end":{"line":141,"column":66}},"45":{"start":{"line":145,"column":2},"end":{"line":147,"column":3}},"46":{"start":{"line":146,"column":4},"end":{"line":146,"column":64}},"47":{"start":{"line":150,"column":2},"end":{"line":173,"column":3}},"48":{"start":{"line":151,"column":4},"end":{"line":168,"column":7}},"49":{"start":{"line":152,"column":22},"end":{"line":152,"column":71}},"50":{"start":{"line":153,"column":6},"end":{"line":155,"column":7}},"51":{"start":{"line":154,"column":8},"end":{"line":154,"column":81}},"52":{"start":{"line":157,"column":22},"end":{"line":159,"column":7}},"53":{"start":{"line":158,"column":21},"end":{"line":158,"column":78}},"54":{"start":{"line":161,"column":6},"end":{"line":165,"column":7}},"55":{"start":{"line":162,"column":8},"end":{"line":162,"column":39}},"56":{"start":{"line":163,"column":8},"end":{"line":163,"column":41}},"57":{"start":{"line":164,"column":8},"end":{"line":164,"column":41}},"58":{"start":{"line":167,"column":6},"end":{"line":167,"column":56}},"59":{"start":{"line":170,"column":4},"end":{"line":172,"column":5}},"60":{"start":{"line":171,"column":6},"end":{"line":171,"column":54}},"61":{"start":{"line":175,"column":2},"end":{"line":175,"column":38}},"62":{"start":{"line":176,"column":2},"end":{"line":176,"column":33}},"63":{"start":{"line":178,"column":2},"end":{"line":178,"column":21}},"64":{"start":{"line":181,"column":2},"end":{"line":181,"column":57}},"65":{"start":{"line":182,"column":2},"end":{"line":182,"column":37}},"66":{"start":{"line":183,"column":2},"end":{"line":183,"column":52}},"67":{"start":{"line":185,"column":2},"end":{"line":192,"column":3}},"68":{"start":{"line":187,"column":4},"end":{"line":187,"column":47}},"69":{"start":{"line":189,"column":4},"end":{"line":189,"column":46}},"70":{"start":{"line":191,"column":4},"end":{"line":191,"column":39}},"71":{"start":{"line":195,"column":2},"end":{"line":198,"column":5}},"72":{"start":{"line":202,"column":27},"end":{"line":263,"column":2}},"73":{"start":{"line":203,"column":16},"end":{"line":203,"column":51}},"74":{"start":{"line":205,"column":2},"end":{"line":207,"column":3}},"75":{"start":{"line":206,"column":4},"end":{"line":206,"column":77}},"76":{"start":{"line":210,"column":2},"end":{"line":229,"column":3}},"77":{"start":{"line":211,"column":20},"end":{"line":211,"column":56}},"78":{"start":{"line":213,"column":4},"end":{"line":228,"column":5}},"79":{"start":{"line":214,"column":30},"end":{"line":218,"column":7}},"80":{"start":{"line":216,"column":10},"end":{"line":217,"column":77}},"81":{"start":{"line":221,"column":6},"end":{"line":221,"column":52}},"82":{"start":{"line":222,"column":6},"end":{"line":224,"column":38}},"83":{"start":{"line":223,"column":48},"end":{"line":223,"column":67}},"84":{"start":{"line":226,"column":6},"end":{"line":226,"column":40}},"85":{"start":{"line":227,"column":6},"end":{"line":227,"column":56}},"86":{"start":{"line":232,"column":2},"end":{"line":232,"column":26}},"87":{"start":{"line":235,"column":2},"end":{"line":235,"column":57}},"88":{"start":{"line":236,"column":2},"end":{"line":236,"column":37}},"89":{"start":{"line":237,"column":2},"end":{"line":237,"column":52}},"90":{"start":{"line":238,"column":2},"end":{"line":245,"column":3}},"91":{"start":{"line":240,"column":4},"end":{"line":240,"column":47}},"92":{"start":{"line":242,"column":4},"end":{"line":242,"column":46}},"93":{"start":{"line":244,"column":4},"end":{"line":244,"column":39}},"94":{"start":{"line":260,"column":2},"end":{"line":262,"column":5}},"95":{"start":{"line":269,"column":20},"end":{"line":289,"column":4}},"96":{"start":{"line":296,"column":19},"end":{"line":296,"column":28}},"97":{"start":{"line":297,"column":19},"end":{"line":297,"column":20}},"98":{"start":{"line":298,"column":23},"end":{"line":298,"column":24}},"99":{"start":{"line":300,"column":2},"end":{"line":308,"column":5}},"100":{"start":{"line":301,"column":17},"end":{"line":301,"column":32}},"101":{"start":{"line":302,"column":18},"end":{"line":302,"column":35}},"102":{"start":{"line":303,"column":22},"end":{"line":303,"column":38}},"103":{"start":{"line":305,"column":4},"end":{"line":305,"column":45}},"104":{"start":{"line":306,"column":4},"end":{"line":306,"column":24}},"105":{"start":{"line":307,"column":4},"end":{"line":307,"column":32}},"106":{"start":{"line":311,"column":23},"end":{"line":311,"column":58}},"107":{"start":{"line":315,"column":25},"end":{"line":319,"column":5}},"108":{"start":{"line":315,"column":53},"end":{"line":319,"column":3}},"109":{"start":{"line":324,"column":2},"end":{"line":324,"column":67}},"110":{"start":{"line":328,"column":16},"end":{"line":328,"column":18}},"111":{"start":{"line":329,"column":20},"end":{"line":329,"column":39}},"112":{"start":{"line":331,"column":2},"end":{"line":335,"column":3}},"113":{"start":{"line":332,"column":26},"end":{"line":332,"column":65}},"114":{"start":{"line":333,"column":4},"end":{"line":333,"column":30}},"115":{"start":{"line":334,"column":4},"end":{"line":334,"column":51}},"116":{"start":{"line":337,"column":2},"end":{"line":337,"column":15}},"117":{"start":{"line":341,"column":24},"end":{"line":357,"column":2}},"118":{"start":{"line":342,"column":20},"end":{"line":342,"column":49}},"119":{"start":{"line":343,"column":18},"end":{"line":343,"column":45}},"120":{"start":{"line":345,"column":2},"end":{"line":345,"column":33}},"121":{"start":{"line":346,"column":2},"end":{"line":346,"column":36}},"122":{"start":{"line":348,"column":52},"end":{"line":348,"column":90}},"123":{"start":{"line":351,"column":2},"end":{"line":356,"column":5}}},"fnMap":{"0":{"name":"(anonymous_0)","decl":{"start":{"line":10,"column":41},"end":{"line":10,"column":42}},"loc":{"start":{"line":10,"column":67},"end":{"line":51,"column":1}},"line":10},"1":{"name":"(anonymous_1)","decl":{"start":{"line":54,"column":41},"end":{"line":54,"column":42}},"loc":{"start":{"line":54,"column":67},"end":{"line":74,"column":1}},"line":54},"2":{"name":"(anonymous_2)","decl":{"start":{"line":77,"column":48},"end":{"line":77,"column":49}},"loc":{"start":{"line":77,"column":74},"end":{"line":99,"column":1}},"line":77},"3":{"name":"(anonymous_3)","decl":{"start":{"line":102,"column":42},"end":{"line":102,"column":43}},"loc":{"start":{"line":102,"column":68},"end":{"line":122,"column":1}},"line":102},"4":{"name":"(anonymous_4)","decl":{"start":{"line":125,"column":44},"end":{"line":125,"column":45}},"loc":{"start":{"line":125,"column":70},"end":{"line":199,"column":1}},"line":125},"5":{"name":"(anonymous_5)","decl":{"start":{"line":151,"column":31},"end":{"line":151,"column":32}},"loc":{"start":{"line":151,"column":47},"end":{"line":168,"column":5}},"line":151},"6":{"name":"(anonymous_6)","decl":{"start":{"line":158,"column":8},"end":{"line":158,"column":9}},"loc":{"start":{"line":158,"column":21},"end":{"line":158,"column":78}},"line":158},"7":{"name":"(anonymous_7)","decl":{"start":{"line":202,"column":44},"end":{"line":202,"column":45}},"loc":{"start":{"line":202,"column":70},"end":{"line":263,"column":1}},"line":202},"8":{"name":"(anonymous_8)","decl":{"start":{"line":215,"column":8},"end":{"line":215,"column":9}},"loc":{"start":{"line":216,"column":10},"end":{"line":217,"column":77}},"line":216},"9":{"name":"(anonymous_9)","decl":{"start":{"line":223,"column":31},"end":{"line":223,"column":32}},"loc":{"start":{"line":223,"column":48},"end":{"line":223,"column":67}},"line":223},"10":{"name":"getSalesData","decl":{"start":{"line":268,"column":15},"end":{"line":268,"column":27}},"loc":{"start":{"line":268,"column":48},"end":{"line":325,"column":1}},"line":268},"11":{"name":"(anonymous_11)","decl":{"start":{"line":300,"column":20},"end":{"line":300,"column":21}},"loc":{"start":{"line":300,"column":31},"end":{"line":308,"column":3}},"line":300},"12":{"name":"(anonymous_12)","decl":{"start":{"line":315,"column":42},"end":{"line":315,"column":43}},"loc":{"start":{"line":315,"column":53},"end":{"line":319,"column":3}},"line":315},"13":{"name":"getDatesBetween","decl":{"start":{"line":327,"column":9},"end":{"line":327,"column":24}},"loc":{"start":{"line":327,"column":45},"end":{"line":338,"column":1}},"line":327},"14":{"name":"(anonymous_14)","decl":{"start":{"line":341,"column":41},"end":{"line":341,"column":42}},"loc":{"start":{"line":341,"column":67},"end":{"line":357,"column":1}},"line":341}},"branchMap":{"0":{"loc":{"start":{"line":59,"column":2},"end":{"line":61,"column":3}},"type":"if","locations":[{"start":{"line":59,"column":2},"end":{"line":61,"column":3}},{"start":{},"end":{}}],"line":59},"1":{"loc":{"start":{"line":81,"column":2},"end":{"line":83,"column":3}},"type":"if","locations":[{"start":{"line":81,"column":2},"end":{"line":83,"column":3}},{"start":{},"end":{}}],"line":81},"2":{"loc":{"start":{"line":89,"column":2},"end":{"line":91,"column":3}},"type":"if","locations":[{"start":{"line":89,"column":2},"end":{"line":91,"column":3}},{"start":{},"end":{}}],"line":89},"3":{"loc":{"start":{"line":107,"column":2},"end":{"line":109,"column":3}},"type":"if","locations":[{"start":{"line":107,"column":2},"end":{"line":109,"column":3}},{"start":{},"end":{}}],"line":107},"4":{"loc":{"start":{"line":130,"column":2},"end":{"line":132,"column":3}},"type":"if","locations":[{"start":{"line":130,"column":2},"end":{"line":132,"column":3}},{"start":{},"end":{}}],"line":130},"5":{"loc":{"start":{"line":135,"column":2},"end":{"line":137,"column":3}},"type":"if","locations":[{"start":{"line":135,"column":2},"end":{"line":137,"column":3}},{"start":{},"end":{}}],"line":135},"6":{"loc":{"start":{"line":140,"column":2},"end":{"line":142,"column":3}},"type":"if","locations":[{"start":{"line":140,"column":2},"end":{"line":142,"column":3}},{"start":{},"end":{}}],"line":140},"7":{"loc":{"start":{"line":140,"column":6},"end":{"line":140,"column":74}},"type":"binary-expr","locations":[{"start":{"line":140,"column":6},"end":{"line":140,"column":38}},{"start":{"line":140,"column":42},"end":{"line":140,"column":74}}],"line":140},"8":{"loc":{"start":{"line":145,"column":2},"end":{"line":147,"column":3}},"type":"if","locations":[{"start":{"line":145,"column":2},"end":{"line":147,"column":3}},{"start":{},"end":{}}],"line":145},"9":{"loc":{"start":{"line":150,"column":2},"end":{"line":173,"column":3}},"type":"if","locations":[{"start":{"line":150,"column":2},"end":{"line":173,"column":3}},{"start":{},"end":{}}],"line":150},"10":{"loc":{"start":{"line":153,"column":6},"end":{"line":155,"column":7}},"type":"if","locations":[{"start":{"line":153,"column":6},"end":{"line":155,"column":7}},{"start":{},"end":{}}],"line":153},"11":{"loc":{"start":{"line":161,"column":6},"end":{"line":165,"column":7}},"type":"if","locations":[{"start":{"line":161,"column":6},"end":{"line":165,"column":7}},{"start":{},"end":{}}],"line":161},"12":{"loc":{"start":{"line":170,"column":4},"end":{"line":172,"column":5}},"type":"if","locations":[{"start":{"line":170,"column":4},"end":{"line":172,"column":5}},{"start":{},"end":{}}],"line":170},"13":{"loc":{"start":{"line":205,"column":2},"end":{"line":207,"column":3}},"type":"if","locations":[{"start":{"line":205,"column":2},"end":{"line":207,"column":3}},{"start":{},"end":{}}],"line":205},"14":{"loc":{"start":{"line":213,"column":4},"end":{"line":228,"column":5}},"type":"if","locations":[{"start":{"line":213,"column":4},"end":{"line":228,"column":5}},{"start":{},"end":{}}],"line":213},"15":{"loc":{"start":{"line":216,"column":10},"end":{"line":217,"column":77}},"type":"binary-expr","locations":[{"start":{"line":216,"column":10},"end":{"line":216,"column":58}},{"start":{"line":217,"column":10},"end":{"line":217,"column":77}}],"line":216},"16":{"loc":{"start":{"line":224,"column":9},"end":{"line":224,"column":36}},"type":"binary-expr","locations":[{"start":{"line":224,"column":9},"end":{"line":224,"column":31}},{"start":{"line":224,"column":35},"end":{"line":224,"column":36}}],"line":224},"17":{"loc":{"start":{"line":317,"column":12},"end":{"line":317,"column":46}},"type":"binary-expr","locations":[{"start":{"line":317,"column":12},"end":{"line":317,"column":30}},{"start":{"line":317,"column":34},"end":{"line":317,"column":46}}],"line":317},"18":{"loc":{"start":{"line":318,"column":16},"end":{"line":318,"column":54}},"type":"binary-expr","locations":[{"start":{"line":318,"column":16},"end":{"line":318,"column":34}},{"start":{"line":318,"column":38},"end":{"line":318,"column":54}}],"line":318}},"s":{"0":1,"1":1,"2":0,"3":0,"4":0,"5":0,"6":0,"7":0,"8":0,"9":1,"10":0,"11":0,"12":0,"13":0,"14":0,"15":0,"16":0,"17":0,"18":1,"19":0,"20":0,"21":0,"22":0,"23":0,"24":0,"25":0,"26":0,"27":0,"28":1,"29":0,"30":0,"31":0,"32":0,"33":0,"34":0,"35":0,"36":0,"37":1,"38":0,"39":0,"40":0,"41":0,"42":0,"43":0,"44":0,"45":0,"46":0,"47":0,"48":0,"49":0,"50":0,"51":0,"52":0,"53":0,"54":0,"55":0,"56":0,"57":0,"58":0,"59":0,"60":0,"61":0,"62":0,"63":0,"64":0,"65":0,"66":0,"67":0,"68":0,"69":0,"70":0,"71":0,"72":1,"73":0,"74":0,"75":0,"76":0,"77":0,"78":0,"79":0,"80":0,"81":0,"82":0,"83":0,"84":0,"85":0,"86":0,"87":0,"88":0,"89":0,"90":0,"91":0,"92":0,"93":0,"94":0,"95":0,"96":0,"97":0,"98":0,"99":0,"100":0,"101":0,"102":0,"103":0,"104":0,"105":0,"106":0,"107":0,"108":0,"109":0,"110":0,"111":0,"112":0,"113":0,"114":0,"115":0,"116":0,"117":1,"118":0,"119":0,"120":0,"121":0,"122":0,"123":0},"f":{"0":0,"1":0,"2":0,"3":0,"4":0,"5":0,"6":0,"7":0,"8":0,"9":0,"10":0,"11":0,"12":0,"13":0,"14":0},"b":{"0":[0,0],"1":[0,0],"2":[0,0],"3":[0,0],"4":[0,0],"5":[0,0],"6":[0,0],"7":[0,0],"8":[0,0],"9":[0,0],"10":[0,0],"11":[0,0],"12":[0,0],"13":[0,0],"14":[0,0],"15":[0,0],"16":[0,0],"17":[0,0],"18":[0,0]},"inputSourceMap":null,"_coverageSchema":"1a1c01bbd47fc00a2c39e90264f33305004495a9","hash":"326fd6186374df8d4b4958564024789e3721befd"}
,"D:\\SE113\\FashionShop_SE113_SoftwareTesting\\backend\\controllers\\passportController.js": {"path":"D:\\SE113\\FashionShop_SE113_SoftwareTesting\\backend\\controllers\\passportController.js","statementMap":{"0":{"start":{"line":8,"column":0},"end":{"line":8,"column":55}},"1":{"start":{"line":14,"column":24},"end":{"line":14,"column":57}},"2":{"start":{"line":15,"column":25},"end":{"line":15,"column":59}},"3":{"start":{"line":18,"column":0},"end":{"line":31,"column":1}},"4":{"start":{"line":20,"column":2},"end":{"line":28,"column":3}},"5":{"start":{"line":21,"column":4},"end":{"line":21,"column":33}},"6":{"start":{"line":22,"column":4},"end":{"line":22,"column":45}},"7":{"start":{"line":23,"column":9},"end":{"line":28,"column":3}},"8":{"start":{"line":24,"column":4},"end":{"line":24,"column":46}},"9":{"start":{"line":26,"column":4},"end":{"line":26,"column":45}},"10":{"start":{"line":27,"column":4},"end":{"line":27,"column":57}},"11":{"start":{"line":30,"column":2},"end":{"line":30,"column":45}},"12":{"start":{"line":33,"column":0},"end":{"line":79,"column":2}},"13":{"start":{"line":46,"column":6},"end":{"line":76,"column":7}},"14":{"start":{"line":47,"column":19},"end":{"line":47,"column":73}},"15":{"start":{"line":48,"column":8},"end":{"line":72,"column":9}},"16":{"start":{"line":50,"column":10},"end":{"line":50,"column":37}},"17":{"start":{"line":51,"column":10},"end":{"line":54,"column":12}},"18":{"start":{"line":55,"column":10},"end":{"line":55,"column":28}},"19":{"start":{"line":58,"column":24},"end":{"line":70,"column":11}},"20":{"start":{"line":71,"column":10},"end":{"line":71,"column":44}},"21":{"start":{"line":73,"column":8},"end":{"line":73,"column":25}},"22":{"start":{"line":75,"column":8},"end":{"line":75,"column":24}},"23":{"start":{"line":82,"column":0},"end":{"line":129,"column":2}},"24":{"start":{"line":93,"column":6},"end":{"line":126,"column":7}},"25":{"start":{"line":94,"column":8},"end":{"line":94,"column":68}},"26":{"start":{"line":95,"column":19},"end":{"line":95,"column":73}},"27":{"start":{"line":96,"column":8},"end":{"line":96,"column":47}},"28":{"start":{"line":97,"column":8},"end":{"line":122,"column":9}},"29":{"start":{"line":99,"column":10},"end":{"line":99,"column":39}},"30":{"start":{"line":100,"column":10},"end":{"line":103,"column":12}},"31":{"start":{"line":104,"column":10},"end":{"line":104,"column":28}},"32":{"start":{"line":107,"column":10},"end":{"line":107,"column":70}},"33":{"start":{"line":108,"column":24},"end":{"line":120,"column":11}},"34":{"start":{"line":121,"column":10},"end":{"line":121,"column":44}},"35":{"start":{"line":123,"column":8},"end":{"line":123,"column":25}},"36":{"start":{"line":125,"column":8},"end":{"line":125,"column":24}},"37":{"start":{"line":132,"column":0},"end":{"line":135,"column":3}},"38":{"start":{"line":133,"column":2},"end":{"line":133,"column":22}},"39":{"start":{"line":138,"column":0},"end":{"line":145,"column":3}},"40":{"start":{"line":139,"column":2},"end":{"line":144,"column":3}},"41":{"start":{"line":140,"column":17},"end":{"line":140,"column":40}},"42":{"start":{"line":141,"column":4},"end":{"line":141,"column":21}},"43":{"start":{"line":143,"column":4},"end":{"line":143,"column":20}}},"fnMap":{"0":{"name":"(anonymous_0)","decl":{"start":{"line":45,"column":4},"end":{"line":45,"column":5}},"loc":{"start":{"line":45,"column":56},"end":{"line":77,"column":5}},"line":45},"1":{"name":"(anonymous_1)","decl":{"start":{"line":92,"column":4},"end":{"line":92,"column":5}},"loc":{"start":{"line":92,"column":56},"end":{"line":127,"column":5}},"line":92},"2":{"name":"(anonymous_2)","decl":{"start":{"line":132,"column":23},"end":{"line":132,"column":24}},"loc":{"start":{"line":132,"column":39},"end":{"line":135,"column":1}},"line":132},"3":{"name":"(anonymous_3)","decl":{"start":{"line":138,"column":25},"end":{"line":138,"column":26}},"loc":{"start":{"line":138,"column":45},"end":{"line":145,"column":1}},"line":138}},"branchMap":{"0":{"loc":{"start":{"line":18,"column":0},"end":{"line":31,"column":1}},"type":"if","locations":[{"start":{"line":18,"column":0},"end":{"line":31,"column":1}},{"start":{"line":29,"column":7},"end":{"line":31,"column":1}}],"line":18},"1":{"loc":{"start":{"line":20,"column":2},"end":{"line":28,"column":3}},"type":"if","locations":[{"start":{"line":20,"column":2},"end":{"line":28,"column":3}},{"start":{"line":23,"column":9},"end":{"line":28,"column":3}}],"line":20},"2":{"loc":{"start":{"line":23,"column":9},"end":{"line":28,"column":3}},"type":"if","locations":[{"start":{"line":23,"column":9},"end":{"line":28,"column":3}},{"start":{"line":25,"column":9},"end":{"line":28,"column":3}}],"line":23},"3":{"loc":{"start":{"line":40,"column":19},"end":{"line":40,"column":174}},"type":"cond-expr","locations":[{"start":{"line":40,"column":60},"end":{"line":40,"column":113}},{"start":{"line":40,"column":116},"end":{"line":40,"column":174}}],"line":40},"4":{"loc":{"start":{"line":48,"column":8},"end":{"line":72,"column":9}},"type":"if","locations":[{"start":{"line":48,"column":8},"end":{"line":72,"column":9}},{"start":{"line":56,"column":15},"end":{"line":72,"column":9}}],"line":48},"5":{"loc":{"start":{"line":88,"column":19},"end":{"line":88,"column":178}},"type":"cond-expr","locations":[{"start":{"line":88,"column":60},"end":{"line":88,"column":115}},{"start":{"line":88,"column":118},"end":{"line":88,"column":178}}],"line":88},"6":{"loc":{"start":{"line":97,"column":8},"end":{"line":122,"column":9}},"type":"if","locations":[{"start":{"line":97,"column":8},"end":{"line":122,"column":9}},{"start":{"line":105,"column":15},"end":{"line":122,"column":9}}],"line":97}},"s":{"0":1,"1":1,"2":1,"3":1,"4":1,"5":0,"6":0,"7":1,"8":0,"9":1,"10":1,"11":0,"12":1,"13":0,"14":0,"15":0,"16":0,"17":0,"18":0,"19":0,"20":0,"21":0,"22":0,"23":1,"24":0,"25":0,"26":0,"27":0,"28":0,"29":0,"30":0,"31":0,"32":0,"33":0,"34":0,"35":0,"36":0,"37":1,"38":0,"39":1,"40":0,"41":0,"42":0,"43":0},"f":{"0":0,"1":0,"2":0,"3":0},"b":{"0":[1,0],"1":[0,1],"2":[0,1],"3":[0,1],"4":[0,0],"5":[0,1],"6":[0,0]},"inputSourceMap":null,"_coverageSchema":"1a1c01bbd47fc00a2c39e90264f33305004495a9","hash":"818c29606c0731a8fab7b185a2d92c389921c8bb"}
,"D:\\SE113\\FashionShop_SE113_SoftwareTesting\\backend\\controllers\\paypalController.js": {"path":"D:\\SE113\\FashionShop_SE113_SoftwareTesting\\backend\\controllers\\paypalController.js","statementMap":{"0":{"start":{"line":9,"column":0},"end":{"line":9,"column":42}},"1":{"start":{"line":15,"column":4},"end":{"line":15,"column":15}},"2":{"start":{"line":17,"column":2},"end":{"line":19,"column":40}},"3":{"start":{"line":21,"column":2},"end":{"line":23,"column":39}},"4":{"start":{"line":29,"column":28},"end":{"line":52,"column":1}},"5":{"start":{"line":30,"column":2},"end":{"line":51,"column":3}},"6":{"start":{"line":31,"column":4},"end":{"line":33,"column":5}},"7":{"start":{"line":32,"column":6},"end":{"line":32,"column":49}},"8":{"start":{"line":34,"column":17},"end":{"line":36,"column":24}},"9":{"start":{"line":38,"column":20},"end":{"line":46,"column":5}},"10":{"start":{"line":47,"column":21},"end":{"line":47,"column":41}},"11":{"start":{"line":48,"column":4},"end":{"line":48,"column":38}},"12":{"start":{"line":50,"column":4},"end":{"line":50,"column":61}},"13":{"start":{"line":59,"column":32},"end":{"line":221,"column":2}},"14":{"start":{"line":60,"column":2},"end":{"line":220,"column":3}},"15":{"start":{"line":68,"column":24},"end":{"line":68,"column":51}},"16":{"start":{"line":72,"column":6},"end":{"line":74,"column":10}},"17":{"start":{"line":134,"column":27},"end":{"line":144,"column":7}},"18":{"start":{"line":134,"column":59},"end":{"line":144,"column":5}},"19":{"start":{"line":147,"column":20},"end":{"line":194,"column":5}},"20":{"start":{"line":198,"column":20},"end":{"line":212,"column":5}},"21":{"start":{"line":213,"column":21},"end":{"line":213,"column":41}},"22":{"start":{"line":215,"column":4},"end":{"line":215,"column":31}},"23":{"start":{"line":216,"column":4},"end":{"line":216,"column":52}},"24":{"start":{"line":218,"column":4},"end":{"line":218,"column":52}},"25":{"start":{"line":219,"column":4},"end":{"line":219,"column":63}},"26":{"start":{"line":242,"column":2},"end":{"line":244,"column":3}},"27":{"start":{"line":243,"column":4},"end":{"line":243,"column":40}},"28":{"start":{"line":245,"column":19},"end":{"line":245,"column":70}},"29":{"start":{"line":248,"column":21},"end":{"line":248,"column":75}},"30":{"start":{"line":248,"column":70},"end":{"line":248,"column":74}},"31":{"start":{"line":249,"column":2},"end":{"line":251,"column":3}},"32":{"start":{"line":250,"column":4},"end":{"line":250,"column":22}},"33":{"start":{"line":256,"column":15},"end":{"line":256,"column":44}},"34":{"start":{"line":258,"column":2},"end":{"line":258,"column":37}},"35":{"start":{"line":260,"column":2},"end":{"line":260,"column":14}},"36":{"start":{"line":264,"column":25},"end":{"line":264,"column":58}},"37":{"start":{"line":265,"column":20},"end":{"line":265,"column":55}},"38":{"start":{"line":266,"column":14},"end":{"line":266,"column":59}},"39":{"start":{"line":268,"column":18},"end":{"line":268,"column":78}},"40":{"start":{"line":271,"column":18},"end":{"line":271,"column":68}},"41":{"start":{"line":274,"column":26},"end":{"line":277,"column":3}},"42":{"start":{"line":280,"column":19},"end":{"line":280,"column":48}},"43":{"start":{"line":283,"column":2},"end":{"line":283,"column":27}},"44":{"start":{"line":285,"column":2},"end":{"line":285,"column":51}},"45":{"start":{"line":289,"column":34},"end":{"line":431,"column":2}},"46":{"start":{"line":290,"column":18},"end":{"line":290,"column":29}},"47":{"start":{"line":293,"column":16},"end":{"line":293,"column":27}},"48":{"start":{"line":297,"column":15},"end":{"line":297,"column":32}},"49":{"start":{"line":303,"column":27},"end":{"line":303,"column":64}},"50":{"start":{"line":305,"column":2},"end":{"line":405,"column":3}},"51":{"start":{"line":306,"column":4},"end":{"line":306,"column":39}},"52":{"start":{"line":311,"column":28},"end":{"line":325,"column":5}},"53":{"start":{"line":312,"column":14},"end":{"line":324,"column":7}},"54":{"start":{"line":327,"column":22},"end":{"line":358,"column":5}},"55":{"start":{"line":360,"column":18},"end":{"line":360,"column":47}},"56":{"start":{"line":394,"column":4},"end":{"line":396,"column":6}},"57":{"start":{"line":397,"column":4},"end":{"line":397,"column":39}},"58":{"start":{"line":399,"column":4},"end":{"line":399,"column":23}},"59":{"start":{"line":401,"column":4},"end":{"line":403,"column":6}},"60":{"start":{"line":408,"column":2},"end":{"line":408,"column":22}}},"fnMap":{"0":{"name":"(anonymous_0)","decl":{"start":{"line":29,"column":28},"end":{"line":29,"column":29}},"loc":{"start":{"line":29,"column":40},"end":{"line":52,"column":1}},"line":29},"1":{"name":"(anonymous_1)","decl":{"start":{"line":59,"column":49},"end":{"line":59,"column":50}},"loc":{"start":{"line":59,"column":75},"end":{"line":221,"column":1}},"line":59},"2":{"name":"(anonymous_2)","decl":{"start":{"line":134,"column":51},"end":{"line":134,"column":52}},"loc":{"start":{"line":134,"column":59},"end":{"line":144,"column":5}},"line":134},"3":{"name":"downloadAndCache","decl":{"start":{"line":241,"column":15},"end":{"line":241,"column":31}},"loc":{"start":{"line":241,"column":47},"end":{"line":261,"column":1}},"line":241},"4":{"name":"(anonymous_4)","decl":{"start":{"line":248,"column":64},"end":{"line":248,"column":65}},"loc":{"start":{"line":248,"column":70},"end":{"line":248,"column":74}},"line":248},"5":{"name":"verifySignature","decl":{"start":{"line":263,"column":15},"end":{"line":263,"column":30}},"loc":{"start":{"line":263,"column":47},"end":{"line":286,"column":1}},"line":263},"6":{"name":"(anonymous_6)","decl":{"start":{"line":289,"column":51},"end":{"line":289,"column":52}},"loc":{"start":{"line":289,"column":77},"end":{"line":431,"column":1}},"line":289},"7":{"name":"(anonymous_7)","decl":{"start":{"line":312,"column":6},"end":{"line":312,"column":7}},"loc":{"start":{"line":312,"column":14},"end":{"line":324,"column":7}},"line":312}},"branchMap":{"0":{"loc":{"start":{"line":17,"column":2},"end":{"line":19,"column":40}},"type":"cond-expr","locations":[{"start":{"line":18,"column":6},"end":{"line":18,"column":39}},{"start":{"line":19,"column":6},"end":{"line":19,"column":40}}],"line":17},"1":{"loc":{"start":{"line":21,"column":2},"end":{"line":23,"column":39}},"type":"cond-expr","locations":[{"start":{"line":22,"column":6},"end":{"line":22,"column":38}},{"start":{"line":23,"column":6},"end":{"line":23,"column":39}}],"line":21},"2":{"loc":{"start":{"line":31,"column":4},"end":{"line":33,"column":5}},"type":"if","locations":[{"start":{"line":31,"column":4},"end":{"line":33,"column":5}},{"start":{},"end":{}}],"line":31},"3":{"loc":{"start":{"line":31,"column":8},"end":{"line":31,"column":50}},"type":"binary-expr","locations":[{"start":{"line":31,"column":8},"end":{"line":31,"column":25}},{"start":{"line":31,"column":29},"end":{"line":31,"column":50}}],"line":31},"4":{"loc":{"start":{"line":73,"column":7},"end":{"line":73,"column":48}},"type":"cond-expr","locations":[{"start":{"line":73,"column":23},"end":{"line":73,"column":36}},{"start":{"line":73,"column":39},"end":{"line":73,"column":48}}],"line":73},"5":{"loc":{"start":{"line":242,"column":2},"end":{"line":244,"column":3}},"type":"if","locations":[{"start":{"line":242,"column":2},"end":{"line":244,"column":3}},{"start":{},"end":{}}],"line":242},"6":{"loc":{"start":{"line":249,"column":2},"end":{"line":251,"column":3}},"type":"if","locations":[{"start":{"line":249,"column":2},"end":{"line":251,"column":3}},{"start":{},"end":{}}],"line":249},"7":{"loc":{"start":{"line":305,"column":2},"end":{"line":405,"column":3}},"type":"if","locations":[{"start":{"line":305,"column":2},"end":{"line":405,"column":3}},{"start":{"line":400,"column":9},"end":{"line":405,"column":3}}],"line":305}},"s":{"0":1,"1":1,"2":1,"3":1,"4":1,"5":0,"6":0,"7":0,"8":0,"9":0,"10":0,"11":0,"12":0,"13":1,"14":0,"15":0,"16":0,"17":0,"18":0,"19":0,"20":0,"21":0,"22":0,"23":0,"24":0,"25":0,"26":0,"27":0,"28":0,"29":0,"30":0,"31":0,"32":0,"33":0,"34":0,"35":0,"36":0,"37":0,"38":0,"39":0,"40":0,"41":0,"42":0,"43":0,"44":0,"45":1,"46":0,"47":0,"48":0,"49":0,"50":0,"51":0,"52":0,"53":0,"54":0,"55":0,"56":0,"57":0,"58":0,"59":0,"60":0},"f":{"0":0,"1":0,"2":0,"3":0,"4":0,"5":0,"6":0,"7":0},"b":{"0":[0,1],"1":[0,1],"2":[0,0],"3":[0,0],"4":[0,0],"5":[0,0],"6":[0,0],"7":[0,0]},"inputSourceMap":null,"_coverageSchema":"1a1c01bbd47fc00a2c39e90264f33305004495a9","hash":"33e00957d56d292b893e6f6fd3e8c56622a9f014"}
,"D:\\SE113\\FashionShop_SE113_SoftwareTesting\\backend\\controllers\\productControllers.js": {"path":"D:\\SE113\\FashionShop_SE113_SoftwareTesting\\backend\\controllers\\productControllers.js","statementMap":{"0":{"start":{"line":14,"column":27},"end":{"line":104,"column":2}},"1":{"start":{"line":16,"column":21},"end":{"line":16,"column":22}},"2":{"start":{"line":17,"column":25},"end":{"line":17,"column":27}},"3":{"start":{"line":21,"column":4},"end":{"line":24,"column":29}},"4":{"start":{"line":26,"column":29},"end":{"line":26,"column":47}},"5":{"start":{"line":27,"column":27},"end":{"line":27,"column":52}},"6":{"start":{"line":29,"column":4},"end":{"line":57,"column":5}},"7":{"start":{"line":30,"column":6},"end":{"line":56,"column":7}},"8":{"start":{"line":31,"column":39},"end":{"line":31,"column":78}},"9":{"start":{"line":32,"column":8},"end":{"line":52,"column":9}},"10":{"start":{"line":33,"column":10},"end":{"line":33,"column":64}},"11":{"start":{"line":35,"column":10},"end":{"line":48,"column":13}},"12":{"start":{"line":51,"column":10},"end":{"line":51,"column":94}},"13":{"start":{"line":54,"column":8},"end":{"line":54,"column":43}},"14":{"start":{"line":55,"column":8},"end":{"line":55,"column":57}},"15":{"start":{"line":61,"column":2},"end":{"line":95,"column":3}},"16":{"start":{"line":62,"column":25},"end":{"line":62,"column":62}},"17":{"start":{"line":64,"column":4},"end":{"line":91,"column":5}},"18":{"start":{"line":65,"column":25},"end":{"line":65,"column":51}},"19":{"start":{"line":66,"column":6},"end":{"line":66,"column":37}},"20":{"start":{"line":67,"column":6},"end":{"line":67,"column":63}},"21":{"start":{"line":71,"column":25},"end":{"line":74,"column":18}},"22":{"start":{"line":76,"column":6},"end":{"line":76,"column":40}},"23":{"start":{"line":77,"column":6},"end":{"line":77,"column":46}},"24":{"start":{"line":78,"column":6},"end":{"line":78,"column":68}},"25":{"start":{"line":81,"column":6},"end":{"line":81,"column":40}},"26":{"start":{"line":82,"column":6},"end":{"line":82,"column":48}},"27":{"start":{"line":85,"column":6},"end":{"line":90,"column":8}},"28":{"start":{"line":93,"column":4},"end":{"line":93,"column":39}},"29":{"start":{"line":94,"column":4},"end":{"line":94,"column":53}},"30":{"start":{"line":98,"column":2},"end":{"line":103,"column":5}},"31":{"start":{"line":167,"column":26},"end":{"line":203,"column":2}},"32":{"start":{"line":170,"column":2},"end":{"line":170,"column":31}},"33":{"start":{"line":171,"column":18},"end":{"line":171,"column":48}},"34":{"start":{"line":174,"column":27},"end":{"line":174,"column":45}},"35":{"start":{"line":189,"column":2},"end":{"line":196,"column":3}},"36":{"start":{"line":191,"column":4},"end":{"line":191,"column":47}},"37":{"start":{"line":193,"column":4},"end":{"line":193,"column":46}},"38":{"start":{"line":195,"column":4},"end":{"line":195,"column":39}},"39":{"start":{"line":199,"column":2},"end":{"line":202,"column":5}},"40":{"start":{"line":206,"column":33},"end":{"line":236,"column":2}},"41":{"start":{"line":207,"column":20},"end":{"line":207,"column":33}},"42":{"start":{"line":209,"column":2},"end":{"line":235,"column":3}},"43":{"start":{"line":211,"column":20},"end":{"line":211,"column":52}},"44":{"start":{"line":213,"column":4},"end":{"line":231,"column":5}},"45":{"start":{"line":215,"column":6},"end":{"line":215,"column":68}},"46":{"start":{"line":218,"column":22},"end":{"line":220,"column":34}},"47":{"start":{"line":222,"column":6},"end":{"line":224,"column":7}},"48":{"start":{"line":223,"column":8},"end":{"line":223,"column":70}},"49":{"start":{"line":227,"column":6},"end":{"line":227,"column":76}},"50":{"start":{"line":230,"column":6},"end":{"line":230,"column":47}},"51":{"start":{"line":233,"column":4},"end":{"line":233,"column":39}},"52":{"start":{"line":234,"column":4},"end":{"line":234,"column":60}},"53":{"start":{"line":239,"column":32},"end":{"line":248,"column":2}},"54":{"start":{"line":241,"column":19},"end":{"line":241,"column":39}},"55":{"start":{"line":244,"column":2},"end":{"line":247,"column":5}},"56":{"start":{"line":251,"column":29},"end":{"line":308,"column":2}},"57":{"start":{"line":253,"column":16},"end":{"line":253,"column":55}},"58":{"start":{"line":254,"column":2},"end":{"line":257,"column":3}},"59":{"start":{"line":256,"column":4},"end":{"line":256,"column":66}},"60":{"start":{"line":259,"column":2},"end":{"line":261,"column":5}},"61":{"start":{"line":293,"column":2},"end":{"line":301,"column":3}},"62":{"start":{"line":295,"column":4},"end":{"line":295,"column":47}},"63":{"start":{"line":297,"column":4},"end":{"line":297,"column":46}},"64":{"start":{"line":299,"column":4},"end":{"line":299,"column":39}},"65":{"start":{"line":300,"column":4},"end":{"line":300,"column":60}},"66":{"start":{"line":304,"column":2},"end":{"line":307,"column":5}},"67":{"start":{"line":311,"column":35},"end":{"line":350,"column":2}},"68":{"start":{"line":313,"column":16},"end":{"line":313,"column":55}},"69":{"start":{"line":315,"column":2},"end":{"line":318,"column":3}},"70":{"start":{"line":317,"column":4},"end":{"line":317,"column":66}},"71":{"start":{"line":320,"column":19},"end":{"line":320,"column":78}},"72":{"start":{"line":320,"column":36},"end":{"line":320,"column":78}},"73":{"start":{"line":322,"column":15},"end":{"line":322,"column":67}},"74":{"start":{"line":324,"column":2},"end":{"line":324,"column":33}},"75":{"start":{"line":325,"column":2},"end":{"line":325,"column":24}},"76":{"start":{"line":328,"column":2},"end":{"line":344,"column":3}},"77":{"start":{"line":330,"column":4},"end":{"line":330,"column":41}},"78":{"start":{"line":335,"column":17},"end":{"line":335,"column":44}},"79":{"start":{"line":336,"column":23},"end":{"line":338,"column":5}},"80":{"start":{"line":337,"column":15},"end":{"line":337,"column":66}},"81":{"start":{"line":339,"column":4},"end":{"line":341,"column":5}},"82":{"start":{"line":340,"column":6},"end":{"line":340,"column":40}},"83":{"start":{"line":343,"column":4},"end":{"line":343,"column":39}},"84":{"start":{"line":346,"column":2},"end":{"line":349,"column":5}},"85":{"start":{"line":353,"column":34},"end":{"line":394,"column":2}},"86":{"start":{"line":355,"column":16},"end":{"line":355,"column":55}},"87":{"start":{"line":357,"column":2},"end":{"line":360,"column":3}},"88":{"start":{"line":359,"column":4},"end":{"line":359,"column":66}},"89":{"start":{"line":362,"column":20},"end":{"line":362,"column":53}},"90":{"start":{"line":364,"column":2},"end":{"line":370,"column":3}},"91":{"start":{"line":365,"column":4},"end":{"line":367,"column":6}},"92":{"start":{"line":366,"column":15},"end":{"line":366,"column":47}},"93":{"start":{"line":369,"column":4},"end":{"line":369,"column":26}},"94":{"start":{"line":372,"column":2},"end":{"line":388,"column":3}},"95":{"start":{"line":374,"column":4},"end":{"line":374,"column":41}},"96":{"start":{"line":379,"column":17},"end":{"line":379,"column":44}},"97":{"start":{"line":380,"column":23},"end":{"line":382,"column":5}},"98":{"start":{"line":381,"column":15},"end":{"line":381,"column":66}},"99":{"start":{"line":383,"column":4},"end":{"line":385,"column":5}},"100":{"start":{"line":384,"column":6},"end":{"line":384,"column":40}},"101":{"start":{"line":387,"column":4},"end":{"line":387,"column":39}},"102":{"start":{"line":390,"column":2},"end":{"line":393,"column":5}},"103":{"start":{"line":397,"column":29},"end":{"line":436,"column":2}},"104":{"start":{"line":399,"column":18},"end":{"line":399,"column":57}},"105":{"start":{"line":401,"column":2},"end":{"line":404,"column":3}},"106":{"start":{"line":403,"column":4},"end":{"line":403,"column":66}},"107":{"start":{"line":407,"column":2},"end":{"line":409,"column":3}},"108":{"start":{"line":407,"column":15},"end":{"line":407,"column":16}},"109":{"start":{"line":408,"column":4},"end":{"line":408,"column":53}},"110":{"start":{"line":411,"column":2},"end":{"line":411,"column":28}},"111":{"start":{"line":414,"column":2},"end":{"line":430,"column":3}},"112":{"start":{"line":416,"column":4},"end":{"line":416,"column":41}},"113":{"start":{"line":421,"column":17},"end":{"line":421,"column":44}},"114":{"start":{"line":422,"column":23},"end":{"line":424,"column":5}},"115":{"start":{"line":423,"column":15},"end":{"line":423,"column":66}},"116":{"start":{"line":425,"column":4},"end":{"line":427,"column":5}},"117":{"start":{"line":426,"column":6},"end":{"line":426,"column":40}},"118":{"start":{"line":429,"column":4},"end":{"line":429,"column":39}},"119":{"start":{"line":432,"column":2},"end":{"line":435,"column":5}},"120":{"start":{"line":441,"column":35},"end":{"line":525,"column":2}},"121":{"start":{"line":443,"column":66},"end":{"line":443,"column":74}},"122":{"start":{"line":446,"column":16},"end":{"line":446,"column":45}},"123":{"start":{"line":447,"column":2},"end":{"line":449,"column":3}},"124":{"start":{"line":448,"column":4},"end":{"line":448,"column":66}},"125":{"start":{"line":452,"column":2},"end":{"line":454,"column":3}},"126":{"start":{"line":453,"column":4},"end":{"line":453,"column":83}},"127":{"start":{"line":457,"column":17},"end":{"line":464,"column":3}},"128":{"start":{"line":467,"column":18},"end":{"line":467,"column":51}},"129":{"start":{"line":470,"column":2},"end":{"line":473,"column":3}},"130":{"start":{"line":472,"column":4},"end":{"line":472,"column":65}},"131":{"start":{"line":476,"column":21},"end":{"line":481,"column":3}},"132":{"start":{"line":478,"column":6},"end":{"line":480,"column":72}},"133":{"start":{"line":484,"column":2},"end":{"line":499,"column":3}},"134":{"start":{"line":485,"column":4},"end":{"line":494,"column":7}},"135":{"start":{"line":486,"column":6},"end":{"line":493,"column":7}},"136":{"start":{"line":491,"column":8},"end":{"line":491,"column":33}},"137":{"start":{"line":492,"column":8},"end":{"line":492,"column":31}},"138":{"start":{"line":497,"column":4},"end":{"line":497,"column":33}},"139":{"start":{"line":498,"column":4},"end":{"line":498,"column":50}},"140":{"start":{"line":502,"column":2},"end":{"line":504,"column":27}},"141":{"start":{"line":503,"column":42},"end":{"line":503,"column":59}},"142":{"start":{"line":507,"column":2},"end":{"line":507,"column":52}},"143":{"start":{"line":510,"column":2},"end":{"line":519,"column":3}},"144":{"start":{"line":513,"column":4},"end":{"line":513,"column":57}},"145":{"start":{"line":514,"column":4},"end":{"line":514,"column":37}},"146":{"start":{"line":518,"column":4},"end":{"line":518,"column":39}},"147":{"start":{"line":522,"column":2},"end":{"line":524,"column":5}},"148":{"start":{"line":530,"column":33},"end":{"line":564,"column":2}},"149":{"start":{"line":531,"column":20},"end":{"line":531,"column":32}},"150":{"start":{"line":533,"column":2},"end":{"line":563,"column":5}},"151":{"start":{"line":535,"column":21},"end":{"line":535,"column":50}},"152":{"start":{"line":536,"column":26},"end":{"line":536,"column":57}},"153":{"start":{"line":538,"column":4},"end":{"line":543,"column":5}},"154":{"start":{"line":540,"column":6},"end":{"line":542,"column":9}},"155":{"start":{"line":545,"column":20},"end":{"line":545,"column":104}},"156":{"start":{"line":548,"column":4},"end":{"line":551,"column":5}},"157":{"start":{"line":550,"column":6},"end":{"line":550,"column":67}},"158":{"start":{"line":552,"column":20},"end":{"line":552,"column":35}},"159":{"start":{"line":554,"column":4},"end":{"line":554,"column":73}},"160":{"start":{"line":557,"column":4},"end":{"line":559,"column":7}},"161":{"start":{"line":561,"column":6},"end":{"line":561,"column":41}},"162":{"start":{"line":562,"column":6},"end":{"line":562,"column":62}},"163":{"start":{"line":569,"column":28},"end":{"line":619,"column":2}},"164":{"start":{"line":571,"column":16},"end":{"line":571,"column":59}},"165":{"start":{"line":574,"column":2},"end":{"line":577,"column":3}},"166":{"start":{"line":576,"column":4},"end":{"line":576,"column":65}},"167":{"start":{"line":580,"column":18},"end":{"line":582,"column":3}},"168":{"start":{"line":581,"column":16},"end":{"line":581,"column":67}},"169":{"start":{"line":585,"column":23},"end":{"line":585,"column":37}},"170":{"start":{"line":589,"column":4},"end":{"line":592,"column":20}},"171":{"start":{"line":591,"column":46},"end":{"line":591,"column":63}},"172":{"start":{"line":595,"column":2},"end":{"line":599,"column":4}},"173":{"start":{"line":604,"column":2},"end":{"line":612,"column":3}},"174":{"start":{"line":605,"column":22},"end":{"line":605,"column":41}},"175":{"start":{"line":606,"column":4},"end":{"line":606,"column":37}},"176":{"start":{"line":607,"column":4},"end":{"line":607,"column":57}},"177":{"start":{"line":611,"column":4},"end":{"line":611,"column":39}},"178":{"start":{"line":615,"column":2},"end":{"line":618,"column":5}},"179":{"start":{"line":624,"column":29},"end":{"line":642,"column":2}},"180":{"start":{"line":626,"column":17},"end":{"line":630,"column":4}},"181":{"start":{"line":633,"column":2},"end":{"line":636,"column":3}},"182":{"start":{"line":635,"column":4},"end":{"line":635,"column":54}},"183":{"start":{"line":639,"column":2},"end":{"line":641,"column":5}}},"fnMap":{"0":{"name":"(anonymous_0)","decl":{"start":{"line":14,"column":44},"end":{"line":14,"column":45}},"loc":{"start":{"line":14,"column":70},"end":{"line":104,"column":1}},"line":14},"1":{"name":"(anonymous_1)","decl":{"start":{"line":167,"column":43},"end":{"line":167,"column":44}},"loc":{"start":{"line":167,"column":69},"end":{"line":203,"column":1}},"line":167},"2":{"name":"(anonymous_2)","decl":{"start":{"line":206,"column":50},"end":{"line":206,"column":51}},"loc":{"start":{"line":206,"column":76},"end":{"line":236,"column":1}},"line":206},"3":{"name":"(anonymous_3)","decl":{"start":{"line":239,"column":49},"end":{"line":239,"column":50}},"loc":{"start":{"line":239,"column":75},"end":{"line":248,"column":1}},"line":239},"4":{"name":"(anonymous_4)","decl":{"start":{"line":251,"column":46},"end":{"line":251,"column":47}},"loc":{"start":{"line":251,"column":72},"end":{"line":308,"column":1}},"line":251},"5":{"name":"(anonymous_5)","decl":{"start":{"line":311,"column":52},"end":{"line":311,"column":53}},"loc":{"start":{"line":311,"column":72},"end":{"line":350,"column":1}},"line":311},"6":{"name":"(anonymous_6)","decl":{"start":{"line":320,"column":19},"end":{"line":320,"column":20}},"loc":{"start":{"line":320,"column":36},"end":{"line":320,"column":78}},"line":320},"7":{"name":"(anonymous_7)","decl":{"start":{"line":337,"column":6},"end":{"line":337,"column":7}},"loc":{"start":{"line":337,"column":15},"end":{"line":337,"column":66}},"line":337},"8":{"name":"(anonymous_8)","decl":{"start":{"line":353,"column":51},"end":{"line":353,"column":52}},"loc":{"start":{"line":353,"column":71},"end":{"line":394,"column":1}},"line":353},"9":{"name":"(anonymous_9)","decl":{"start":{"line":366,"column":6},"end":{"line":366,"column":7}},"loc":{"start":{"line":366,"column":15},"end":{"line":366,"column":47}},"line":366},"10":{"name":"(anonymous_10)","decl":{"start":{"line":381,"column":6},"end":{"line":381,"column":7}},"loc":{"start":{"line":381,"column":15},"end":{"line":381,"column":66}},"line":381},"11":{"name":"(anonymous_11)","decl":{"start":{"line":397,"column":46},"end":{"line":397,"column":47}},"loc":{"start":{"line":397,"column":72},"end":{"line":436,"column":1}},"line":397},"12":{"name":"(anonymous_12)","decl":{"start":{"line":423,"column":6},"end":{"line":423,"column":7}},"loc":{"start":{"line":423,"column":15},"end":{"line":423,"column":66}},"line":423},"13":{"name":"(anonymous_13)","decl":{"start":{"line":441,"column":52},"end":{"line":441,"column":53}},"loc":{"start":{"line":441,"column":78},"end":{"line":525,"column":1}},"line":441},"14":{"name":"(anonymous_14)","decl":{"start":{"line":477,"column":4},"end":{"line":477,"column":5}},"loc":{"start":{"line":478,"column":6},"end":{"line":480,"column":72}},"line":478},"15":{"name":"(anonymous_15)","decl":{"start":{"line":485,"column":28},"end":{"line":485,"column":29}},"loc":{"start":{"line":485,"column":40},"end":{"line":494,"column":5}},"line":485},"16":{"name":"(anonymous_16)","decl":{"start":{"line":503,"column":27},"end":{"line":503,"column":28}},"loc":{"start":{"line":503,"column":42},"end":{"line":503,"column":59}},"line":503},"17":{"name":"(anonymous_17)","decl":{"start":{"line":530,"column":50},"end":{"line":530,"column":51}},"loc":{"start":{"line":530,"column":76},"end":{"line":564,"column":1}},"line":530},"18":{"name":"(anonymous_18)","decl":{"start":{"line":569,"column":45},"end":{"line":569,"column":46}},"loc":{"start":{"line":569,"column":71},"end":{"line":619,"column":1}},"line":569},"19":{"name":"(anonymous_19)","decl":{"start":{"line":581,"column":4},"end":{"line":581,"column":5}},"loc":{"start":{"line":581,"column":16},"end":{"line":581,"column":67}},"line":581},"20":{"name":"(anonymous_20)","decl":{"start":{"line":591,"column":31},"end":{"line":591,"column":32}},"loc":{"start":{"line":591,"column":46},"end":{"line":591,"column":63}},"line":591},"21":{"name":"(anonymous_21)","decl":{"start":{"line":624,"column":46},"end":{"line":624,"column":47}},"loc":{"start":{"line":624,"column":66},"end":{"line":642,"column":1}},"line":624}},"branchMap":{"0":{"loc":{"start":{"line":21,"column":4},"end":{"line":24,"column":29}},"type":"binary-expr","locations":[{"start":{"line":21,"column":4},"end":{"line":21,"column":22}},{"start":{"line":22,"column":4},"end":{"line":22,"column":23}},{"start":{"line":23,"column":4},"end":{"line":23,"column":26}},{"start":{"line":24,"column":4},"end":{"line":24,"column":29}}],"line":21},"1":{"loc":{"start":{"line":29,"column":4},"end":{"line":57,"column":5}},"type":"if","locations":[{"start":{"line":29,"column":4},"end":{"line":57,"column":5}},{"start":{},"end":{}}],"line":29},"2":{"loc":{"start":{"line":32,"column":8},"end":{"line":52,"column":9}},"type":"if","locations":[{"start":{"line":32,"column":8},"end":{"line":52,"column":9}},{"start":{"line":34,"column":15},"end":{"line":52,"column":9}}],"line":32},"3":{"loc":{"start":{"line":64,"column":4},"end":{"line":91,"column":5}},"type":"if","locations":[{"start":{"line":64,"column":4},"end":{"line":91,"column":5}},{"start":{"line":68,"column":11},"end":{"line":91,"column":5}}],"line":64},"4":{"loc":{"start":{"line":102,"column":22},"end":{"line":102,"column":63}},"type":"cond-expr","locations":[{"start":{"line":102,"column":42},"end":{"line":102,"column":58}},{"start":{"line":102,"column":61},"end":{"line":102,"column":63}}],"line":102},"5":{"loc":{"start":{"line":213,"column":4},"end":{"line":231,"column":5}},"type":"if","locations":[{"start":{"line":213,"column":4},"end":{"line":231,"column":5}},{"start":{"line":216,"column":11},"end":{"line":231,"column":5}}],"line":213},"6":{"loc":{"start":{"line":222,"column":6},"end":{"line":224,"column":7}},"type":"if","locations":[{"start":{"line":222,"column":6},"end":{"line":224,"column":7}},{"start":{},"end":{}}],"line":222},"7":{"loc":{"start":{"line":254,"column":2},"end":{"line":257,"column":3}},"type":"if","locations":[{"start":{"line":254,"column":2},"end":{"line":257,"column":3}},{"start":{},"end":{}}],"line":254},"8":{"loc":{"start":{"line":315,"column":2},"end":{"line":318,"column":3}},"type":"if","locations":[{"start":{"line":315,"column":2},"end":{"line":318,"column":3}},{"start":{},"end":{}}],"line":315},"9":{"loc":{"start":{"line":337,"column":15},"end":{"line":337,"column":66}},"type":"binary-expr","locations":[{"start":{"line":337,"column":15},"end":{"line":337,"column":38}},{"start":{"line":337,"column":42},"end":{"line":337,"column":66}}],"line":337},"10":{"loc":{"start":{"line":339,"column":4},"end":{"line":341,"column":5}},"type":"if","locations":[{"start":{"line":339,"column":4},"end":{"line":341,"column":5}},{"start":{},"end":{}}],"line":339},"11":{"loc":{"start":{"line":357,"column":2},"end":{"line":360,"column":3}},"type":"if","locations":[{"start":{"line":357,"column":2},"end":{"line":360,"column":3}},{"start":{},"end":{}}],"line":357},"12":{"loc":{"start":{"line":364,"column":2},"end":{"line":370,"column":3}},"type":"if","locations":[{"start":{"line":364,"column":2},"end":{"line":370,"column":3}},{"start":{},"end":{}}],"line":364},"13":{"loc":{"start":{"line":381,"column":15},"end":{"line":381,"column":66}},"type":"binary-expr","locations":[{"start":{"line":381,"column":15},"end":{"line":381,"column":38}},{"start":{"line":381,"column":42},"end":{"line":381,"column":66}}],"line":381},"14":{"loc":{"start":{"line":383,"column":4},"end":{"line":385,"column":5}},"type":"if","locations":[{"start":{"line":383,"column":4},"end":{"line":385,"column":5}},{"start":{},"end":{}}],"line":383},"15":{"loc":{"start":{"line":401,"column":2},"end":{"line":404,"column":3}},"type":"if","locations":[{"start":{"line":401,"column":2},"end":{"line":404,"column":3}},{"start":{},"end":{}}],"line":401},"16":{"loc":{"start":{"line":423,"column":15},"end":{"line":423,"column":66}},"type":"binary-expr","locations":[{"start":{"line":423,"column":15},"end":{"line":423,"column":38}},{"start":{"line":423,"column":42},"end":{"line":423,"column":66}}],"line":423},"17":{"loc":{"start":{"line":425,"column":4},"end":{"line":427,"column":5}},"type":"if","locations":[{"start":{"line":425,"column":4},"end":{"line":427,"column":5}},{"start":{},"end":{}}],"line":425},"18":{"loc":{"start":{"line":447,"column":2},"end":{"line":449,"colum
[...]
,"D:\\SE113\\FashionShop_SE113_SoftwareTesting\\backend\\routes\\momo.js": {"path":"D:\\SE113\\FashionShop_SE113_SoftwareTesting\\backend\\routes\\momo.js","statementMap":{"0":{"start":{"line":7,"column":15},"end":{"line":7,"column":31}},"1":{"start":{"line":9,"column":0},"end":{"line":9,"column":72}},"2":{"start":{"line":10,"column":0},"end":{"line":10,"column":54}}},"fnMap":{},"branchMap":{},"s":{"0":1,"1":1,"2":1},"f":{},"b":{},"inputSourceMap":null,"_coverageSchema":"1a1c01bbd47fc00a2c39e90264f33305004495a9","hash":"559696c8bdeeb31df782e6325e1bee234426aeea"}
,"D:\\SE113\\FashionShop_SE113_SoftwareTesting\\backend\\routes\\order.js": {"path":"D:\\SE113\\FashionShop_SE113_SoftwareTesting\\backend\\routes\\order.js","statementMap":{"0":{"start":{"line":13,"column":15},"end":{"line":13,"column":31}},"1":{"start":{"line":15,"column":0},"end":{"line":15,"column":64}},"2":{"start":{"line":16,"column":0},"end":{"line":16,"column":70}},"3":{"start":{"line":17,"column":0},"end":{"line":17,"column":62}},"4":{"start":{"line":19,"column":0},"end":{"line":21,"column":63}},"5":{"start":{"line":23,"column":0},"end":{"line":25,"column":64}},"6":{"start":{"line":27,"column":0},"end":{"line":30,"column":69}}},"fnMap":{},"branchMap":{},"s":{"0":1,"1":1,"2":1,"3":1,"4":1,"5":1,"6":1},"f":{},"b":{},"inputSourceMap":null,"_coverageSchema":"1a1c01bbd47fc00a2c39e90264f33305004495a9","hash":"ccb919b3a5ce142ff02ab9e4210c0e2944ae449a"}
,"D:\\SE113\\FashionShop_SE113_SoftwareTesting\\backend\\routes\\paypal.js": {"path":"D:\\SE113\\FashionShop_SE113_SoftwareTesting\\backend\\routes\\paypal.js","statementMap":{"0":{"start":{"line":7,"column":15},"end":{"line":7,"column":31}},"1":{"start":{"line":9,"column":0},"end":{"line":9,"column":76}},"2":{"start":{"line":10,"column":0},"end":{"line":10,"column":58}}},"fnMap":{},"branchMap":{},"s":{"0":1,"1":1,"2":1},"f":{},"b":{},"inputSourceMap":null,"_coverageSchema":"1a1c01bbd47fc00a2c39e90264f33305004495a9","hash":"dda567c8ba06366e8691b11c57aeb405f2bab75d"}
,"D:\\SE113\\FashionShop_SE113_SoftwareTesting\\backend\\routes\\products.js": {"path":"D:\\SE113\\FashionShop_SE113_SoftwareTesting\\backend\\routes\\products.js","statementMap":{"0":{"start":{"line":27,"column":15},"end":{"line":27,"column":31}},"1":{"start":{"line":30,"column":0},"end":{"line":30,"column":43}},"2":{"start":{"line":33,"column":0},"end":{"line":36,"column":71}},"3":{"start":{"line":40,"column":0},"end":{"line":40,"column":53}},"4":{"start":{"line":43,"column":0},"end":{"line":45,"column":74}},"5":{"start":{"line":48,"column":0},"end":{"line":50,"column":73}},"6":{"start":{"line":53,"column":0},"end":{"line":53,"column":55}},"7":{"start":{"line":56,"column":0},"end":{"line":56,"column":58}},"8":{"start":{"line":58,"column":0},"end":{"line":63,"column":49}},"9":{"start":{"line":65,"column":0},"end":{"line":68,"column":70}},"10":{"start":{"line":70,"column":0},"end":{"line":73,"column":43}}},"fnMap":{},"branchMap":{},"s":{"0":1,"1":1,"2":1,"3":1,"4":1,"5":1,"6":1,"7":1,"8":1,"9":1,"10":1},"f":{},"b":{},"inputSourceMap":null,"_coverageSchema":"1a1c01bbd47fc00a2c39e90264f33305004495a9","hash":"85403beb192707229f273988b2e2a7b3ced4c7aa"}
,"D:\\SE113\\FashionShop_SE113_SoftwareTesting\\backend\\routes\\stripe.js": {"path":"D:\\SE113\\FashionShop_SE113_SoftwareTesting\\backend\\routes\\stripe.js","statementMap":{"0":{"start":{"line":7,"column":15},"end":{"line":7,"column":31}},"1":{"start":{"line":9,"column":0},"end":{"line":9,"column":76}},"2":{"start":{"line":10,"column":0},"end":{"line":10,"column":58}}},"fnMap":{},"branchMap":{},"s":{"0":1,"1":1,"2":1},"f":{},"b":{},"inputSourceMap":null,"_coverageSchema":"1a1c01bbd47fc00a2c39e90264f33305004495a9","hash":"1b8a74589cfea11a5a67f9fa1b0ab17e4a1a4a74"}
,"D:\\SE113\\FashionShop_SE113_SoftwareTesting\\backend\\routes\\zalopay.js": {"path":"D:\\SE113\\FashionShop_SE113_SoftwareTesting\\backend\\routes\\zalopay.js","statementMap":{"0":{"start":{"line":7,"column":15},"end":{"line":7,"column":31}},"1":{"start":{"line":9,"column":0},"end":{"line":9,"column":78}},"2":{"start":{"line":10,"column":0},"end":{"line":10,"column":60}}},"fnMap":{},"branchMap":{},"s":{"0":1,"1":1,"2":1},"f":{},"b":{},"inputSourceMap":null,"_coverageSchema":"1a1c01bbd47fc00a2c39e90264f33305004495a9","hash":"27b745f53644ad7952522e82a854bc222ce55eaa"}
,"D:\\SE113\\FashionShop_SE113_SoftwareTesting\\backend\\utils\\apiFilters.js": {"path":"D:\\SE113\\FashionShop_SE113_SoftwareTesting\\backend\\utils\\apiFilters.js","statementMap":{"0":{"start":{"line":5,"column":8},"end":{"line":5,"column":27}},"1":{"start":{"line":6,"column":8},"end":{"line":6,"column":33}},"2":{"start":{"line":12,"column":24},"end":{"line":22,"column":14}},"3":{"start":{"line":24,"column":27},"end":{"line":24,"column":49}},"4":{"start":{"line":25,"column":10},"end":{"line":27,"column":11}},"5":{"start":{"line":26,"column":12},"end":{"line":26,"column":48}},"6":{"start":{"line":28,"column":30},"end":{"line":28,"column":55}},"7":{"start":{"line":29,"column":12},"end":{"line":31,"column":13}},"8":{"start":{"line":30,"column":16},"end":{"line":30,"column":62}},"9":{"start":{"line":33,"column":35},"end":{"line":33,"column":63}},"10":{"start":{"line":34,"column":12},"end":{"line":36,"column":13}},"11":{"start":{"line":35,"column":16},"end":{"line":35,"column":68}},"12":{"start":{"line":39,"column":8},"end":{"line":39,"column":52}},"13":{"start":{"line":41,"column":8},"end":{"line":41,"column":20}},"14":{"start":{"line":47,"column":26},"end":{"line":47,"column":45}},"15":{"start":{"line":49,"column":31},"end":{"line":49,"column":116}},"16":{"start":{"line":51,"column":8},"end":{"line":51,"column":61}},"17":{"start":{"line":51,"column":39},"end":{"line":51,"column":59}},"18":{"start":{"line":53,"column":23},"end":{"line":53,"column":48}},"19":{"start":{"line":55,"column":8},"end":{"line":55,"column":84}},"20":{"start":{"line":55,"column":71},"end":{"line":55,"column":82}},"21":{"start":{"line":58,"column":8},"end":{"line":60,"column":9}},"22":{"start":{"line":59,"column":12},"end":{"line":59,"column":86}},"23":{"start":{"line":63,"column":8},"end":{"line":63,"column":59}},"24":{"start":{"line":67,"column":8},"end":{"line":67,"column":20}},"25":{"start":{"line":71,"column":28},"end":{"line":71,"column":59}},"26":{"start":{"line":72,"column":21},"end":{"line":72,"column":51}},"27":{"start":{"line":73,"column":8},"end":{"line":73,"column":61}},"28":{"start":{"line":74,"column":8},"end":{"line":74,"column":20}},"29":{"start":{"line":78,"column":8},"end":{"line":84,"column":9}},"30":{"start":{"line":79,"column":27},"end":{"line":79,"column":66}},"31":{"start":{"line":80,"column":12},"end":{"line":80,"column":49}},"32":{"start":{"line":83,"column":12},"end":{"line":83,"column":55}},"33":{"start":{"line":85,"column":8},"end":{"line":85,"column":20}}},"fnMap":{"0":{"name":"(anonymous_0)","decl":{"start":{"line":4,"column":4},"end":{"line":4,"column":5}},"loc":{"start":{"line":4,"column":32},"end":{"line":7,"column":5}},"line":4},"1":{"name":"(anonymous_1)","decl":{"start":{"line":9,"column":4},"end":{"line":9,"column":5}},"loc":{"start":{"line":9,"column":13},"end":{"line":43,"column":5}},"line":9},"2":{"name":"(anonymous_2)","decl":{"start":{"line":45,"column":4},"end":{"line":45,"column":5}},"loc":{"start":{"line":45,"column":14},"end":{"line":68,"column":5}},"line":45},"3":{"name":"(anonymous_3)","decl":{"start":{"line":51,"column":31},"end":{"line":51,"column":32}},"loc":{"start":{"line":51,"column":39},"end":{"line":51,"column":59}},"line":51},"4":{"name":"(anonymous_4)","decl":{"start":{"line":55,"column":60},"end":{"line":55,"column":61}},"loc":{"start":{"line":55,"column":71},"end":{"line":55,"column":82}},"line":55},"5":{"name":"(anonymous_5)","decl":{"start":{"line":70,"column":4},"end":{"line":70,"column":5}},"loc":{"start":{"line":70,"column":27},"end":{"line":75,"column":5}},"line":70},"6":{"name":"(anonymous_6)","decl":{"start":{"line":77,"column":4},"end":{"line":77,"column":5}},"loc":{"start":{"line":77,"column":14},"end":{"line":86,"column":5}},"line":77}},"branchMap":{"0":{"loc":{"start":{"line":12,"column":24},"end":{"line":22,"column":14}},"type":"cond-expr","locations":[{"start":{"line":13,"column":12},"end":{"line":20,"column":11}},{"start":{"line":22,"column":12},"end":{"line":22,"column":14}}],"line":12},"1":{"loc":{"start":{"line":25,"column":10},"end":{"line":27,"column":11}},"type":"if","locations":[{"start":{"line":25,"column":10},"end":{"line":27,"column":11}},{"start":{},"end":{}}],"line":25},"2":{"loc":{"start":{"line":29,"column":12},"end":{"line":31,"column":13}},"type":"if","locations":[{"start":{"line":29,"column":12},"end":{"line":31,"column":13}},{"start":{},"end":{}}],"line":29},"3":{"loc":{"start":{"line":34,"column":12},"end":{"line":36,"column":13}},"type":"if","locations":[{"start":{"line":34,"column":12},"end":{"line":36,"column":13}},{"start":{},"end":{}}],"line":34},"4":{"loc":{"start":{"line":58,"column":8},"end":{"line":60,"column":9}},"type":"if","locations":[{"start":{"line":58,"column":8},"end":{"line":60,"column":9}},{"start":{},"end":{}}],"line":58},"5":{"loc":{"start":{"line":71,"column":28},"end":{"line":71,"column":59}},"type":"binary-expr","locations":[{"start":{"line":71,"column":28},"end":{"line":71,"column":54}},{"start":{"line":71,"column":58},"end":{"line":71,"column":59}}],"line":71},"6":{"loc":{"start":{"line":78,"column":8},"end":{"line":84,"column":9}},"type":"if","locations":[{"start":{"line":78,"column":8},"end":{"line":84,"column":9}},{"start":{"line":82,"column":12},"end":{"line":84,"column":9}}],"line":78}},"s":{"0":0,"1":0,"2":0,"3":0,"4":0,"5":0,"6":0,"7":0,"8":0,"9":0,"10":0,"11":0,"12":0,"13":0,"14":0,"15":0,"16":0,"17":0,"18":0,"19":0,"20":0,"21":0,"22":0,"23":0,"24":0,"25":0,"26":0,"27":0,"28":0,"29":0,"30":0,"31":0,"32":0,"33":0},"f":{"0":0,"1":0,"2":0,"3":0,"4":0,"5":0,"6":0},"b":{"0":[0,0],"1":[0,0],"2":[0,0],"3":[0,0],"4":[0,0],"5":[0,0],"6":[0,0]},"inputSourceMap":null,"_coverageSchema":"1a1c01bbd47fc00a2c39e90264f33305004495a9","hash":"4f2e43073707a6f96348a14db91ca5087f63b0bb"}
,"D:\\SE113\\FashionShop_SE113_SoftwareTesting\\backend\\utils\\cloudinary.js": {"path":"D:\\SE113\\FashionShop_SE113_SoftwareTesting\\backend\\utils\\cloudinary.js","statementMap":{"0":{"start":{"line":3,"column":0},"end":{"line":3,"column":46}},"1":{"start":{"line":7,"column":0},"end":{"line":11,"column":2}},"2":{"start":{"line":13,"column":27},"end":{"line":52,"column":1}},"3":{"start":{"line":14,"column":2},"end":{"line":51,"column":5}},"4":{"start":{"line":15,"column":4},"end":{"line":27,"column":6}},"5":{"start":{"line":18,"column":8},"end":{"line":21,"column":11}},"6":{"start":{"line":54,"column":27},"end":{"line":58,"column":1}},"7":{"start":{"line":55,"column":14},"end":{"line":55,"column":53}},"8":{"start":{"line":57,"column":2},"end":{"line":57,"column":39}},"9":{"start":{"line":57,"column":27},"end":{"line":57,"column":39}}},"fnMap":{"0":{"name":"(anonymous_0)","decl":{"start":{"line":13,"column":27},"end":{"line":13,"column":28}},"loc":{"start":{"line":13,"column":45},"end":{"line":52,"column":1}},"line":13},"1":{"name":"(anonymous_1)","decl":{"start":{"line":14,"column":21},"end":{"line":14,"column":22}},"loc":{"start":{"line":14,"column":42},"end":{"line":51,"column":3}},"line":14},"2":{"name":"(anonymous_2)","decl":{"start":{"line":17,"column":6},"end":{"line":17,"column":7}},"loc":{"start":{"line":17,"column":18},"end":{"line":22,"column":7}},"line":17},"3":{"name":"(anonymous_3)","decl":{"start":{"line":54,"column":27},"end":{"line":54,"column":28}},"loc":{"start":{"line":54,"column":42},"end":{"line":58,"column":1}},"line":54}},"branchMap":{"0":{"loc":{"start":{"line":57,"column":2},"end":{"line":57,"column":39}},"type":"if","locations":[{"start":{"line":57,"column":2},"end":{"line":57,"column":39}},{"start":{},"end":{}}],"line":57}},"s":{"0":20,"1":20,"2":20,"3":0,"4":0,"5":0,"6":20,"7":0,"8":0,"9":0},"f":{"0":0,"1":0,"2":0,"3":0},"b":{"0":[0,0]},"inputSourceMap":null,"_coverageSchema":"1a1c01bbd47fc00a2c39e90264f33305004495a9","hash":"13cbe81910de9006a15068102625a2a374bab0a8"}
,"D:\\SE113\\FashionShop_SE113_SoftwareTesting\\backend\\utils\\emailTemplates.js": {"path":"D:\\SE113\\FashionShop_SE113_SoftwareTesting\\backend\\utils\\emailTemplates.js","statementMap":{"0":{"start":{"line":1,"column":40},"end":{"line":571,"column":1}},"1":{"start":{"line":1,"column":64},"end":{"line":571,"column":1}}},"fnMap":{"0":{"name":"(anonymous_0)","decl":{"start":{"line":1,"column":40},"end":{"line":1,"column":41}},"loc":{"start":{"line":1,"column":64},"end":{"line":571,"column":1}},"line":1}},"branchMap":{},"s":{"0":13,"1":3},"f":{"0":3},"b":{},"inputSourceMap":null,"_coverageSchema":"1a1c01bbd47fc00a2c39e90264f33305004495a9","hash":"f31c35b595daa15e54d728a0067c203099426748"}
,"D:\\SE113\\FashionShop_SE113_SoftwareTesting\\backend\\utils\\errorHandler.js": {"path":"D:\\SE113\\FashionShop_SE113_SoftwareTesting\\backend\\utils\\errorHandler.js","statementMap":{"0":{"start":{"line":8,"column":8},"end":{"line":8,"column":23}},"1":{"start":{"line":9,"column":8},"end":{"line":9,"column":37}},"2":{"start":{"line":11,"column":8},"end":{"line":11,"column":56}}},"fnMap":{"0":{"name":"(anonymous_0)","decl":{"start":{"line":7,"column":4},"end":{"line":7,"column":5}},"loc":{"start":{"line":7,"column":35},"end":{"line":12,"column":5}},"line":7}},"branchMap":{},"s":{"0":23,"1":23,"2":23},"f":{"0":23},"b":{},"inputSourceMap":null,"_coverageSchema":"1a1c01bbd47fc00a2c39e90264f33305004495a9","hash":"01ed82cdf2df46b5b982667d913a1dd304334774"}
,"D:\\SE113\\FashionShop_SE113_SoftwareTesting\\backend\\utils\\redisClient.js": {"path":"D:\\SE113\\FashionShop_SE113_SoftwareTesting\\backend\\utils\\redisClient.js","statementMap":{"0":{"start":{"line":6,"column":15},"end":{"line":12,"column":2}},"1":{"start":{"line":16,"column":0},"end":{"line":18,"column":3}},"2":{"start":{"line":17,"column":2},"end":{"line":17,"column":48}},"3":{"start":{"line":20,"column":0},"end":{"line":22,"column":3}},"4":{"start":{"line":21,"column":2},"end":{"line":21,"column":36}},"5":{"start":{"line":23,"column":0},"end":{"line":23,"column":23}}},"fnMap":{"0":{"name":"(anonymous_0)","decl":{"start":{"line":16,"column":19},"end":{"line":16,"column":20}},"loc":{"start":{"line":16,"column":28},"end":{"line":18,"column":1}},"line":16},"1":{"name":"(anonymous_1)","decl":{"start":{"line":20,"column":21},"end":{"line":20,"column":22}},"loc":{"start":{"line":20,"column":27},"end":{"line":22,"column":1}},"line":20}},"branchMap":{},"s":{"0":1,"1":1,"2":0,"3":1,"4":1,"5":1},"f":{"0":0,"1":1},"b":{},"inputSourceMap":null,"_coverageSchema":"1a1c01bbd47fc00a2c39e90264f33305004495a9","hash":"9dffb4d7bf08040a189ff3d59cc5bc2efb46120e"}
,"D:\\SE113\\FashionShop_SE113_SoftwareTesting\\backend\\utils\\sendEmail.js": {"path":"D:\\SE113\\FashionShop_SE113_SoftwareTesting\\backend\\utils\\sendEmail.js","statementMap":{"0":{"start":{"line":33,"column":18},"end":{"line":63,"column":1}},"1":{"start":{"line":34,"column":2},"end":{"line":62,"column":3}},"2":{"start":{"line":35,"column":22},"end":{"line":46,"column":6}},"3":{"start":{"line":48,"column":20},"end":{"line":53,"column":5}},"4":{"start":{"line":55,"column":17},"end":{"line":55,"column":50}},"5":{"start":{"line":57,"column":4},"end":{"line":57,"column":48}},"6":{"start":{"line":58,"column":4},"end":{"line":58,"column":16}},"7":{"start":{"line":60,"column":4},"end":{"line":60,"column":59}},"8":{"start":{"line":61,"column":4},"end":{"line":61,"column":47}}},"fnMap":{"0":{"name":"(anonymous_0)","decl":{"start":{"line":33,"column":18},"end":{"line":33,"column":19}},"loc":{"start":{"line":33,"column":37},"end":{"line":63,"column":1}},"line":33}},"branchMap":{},"s":{"0":10,"1":0,"2":0,"3":0,"4":0,"5":0,"6":0,"7":0,"8":0},"f":{"0":0},"b":{},"inputSourceMap":null,"_coverageSchema":"1a1c01bbd47fc00a2c39e90264f33305004495a9","hash":"8aaacd145061e99b5745d5ea2f2fdc555a6740d5"}
,"D:\\SE113\\FashionShop_SE113_SoftwareTesting\\backend\\utils\\sendToken.js": {"path":"D:\\SE113\\FashionShop_SE113_SoftwareTesting\\backend\\utils\\sendToken.js","statementMap":{"0":{"start":{"line":4,"column":16},"end":{"line":4,"column":34}},"1":{"start":{"line":7,"column":18},"end":{"line":12,"column":3}},"2":{"start":{"line":14,"column":2},"end":{"line":26,"column":3}},"3":{"start":{"line":16,"column":4},"end":{"line":16,"column":40}},"4":{"start":{"line":17,"column":4},"end":{"line":19,"column":7}},"5":{"start":{"line":20,"column":9},"end":{"line":26,"column":3}},"6":{"start":{"line":21,"column":22},"end":{"line":21,"column":119}},"7":{"start":{"line":22,"column":4},"end":{"line":22,"column":40}},"8":{"start":{"line":23,"column":4},"end":{"line":23,"column":49}},"9":{"start":{"line":25,"column":4},"end":{"line":25,"column":67}}},"fnMap":{"0":{"name":"(anonymous_0)","decl":{"start":{"line":2,"column":15},"end":{"line":2,"column":16}},"loc":{"start":{"line":2,"column":63},"end":{"line":27,"column":1}},"line":2}},"branchMap":{"0":{"loc":{"start":{"line":2,"column":39},"end":{"line":2,"column":58}},"type":"default-arg","locations":[{"start":{"line":2,"column":51},"end":{"line":2,"column":58}}],"line":2},"1":{"loc":{"start":{"line":14,"column":2},"end":{"line":26,"column":3}},"type":"if","locations":[{"start":{"line":14,"column":2},"end":{"line":26,"column":3}},{"start":{"line":20,"column":9},"end":{"line":26,"column":3}}],"line":14},"2":{"loc":{"start":{"line":20,"column":9},"end":{"line":26,"column":3}},"type":"if","locations":[{"start":{"line":20,"column":9},"end":{"line":26,"column":3}},{"start":{"line":24,"column":9},"end":{"line":26,"column":3}}],"line":20},"3":{"loc":{"start":{"line":20,"column":13},"end":{"line":20,"column":63}},"type":"binary-expr","locations":[{"start":{"line":20,"column":13},"end":{"line":20,"column":35}},{"start":{"line":20,"column":39},"end":{"line":20,"column":63}}],"line":20},"4":{"loc":{"start":{"line":21,"column":22},"end":{"line":21,"column":119}},"type":"cond-expr","locations":[{"start":{"line":21,"column":63},"end":{"line":21,"column":87}},{"start":{"line":21,"column":90},"end":{"line":21,"column":119}}],"line":21}},"s":{"0":1,"1":1,"2":1,"3":1,"4":1,"5":0,"6":0,"7":0,"8":0,"9":0},"f":{"0":1},"b":{"0":[1],"1":[1,0],"2":[0,0],"3":[0,0],"4":[0,0]},"inputSourceMap":null,"_coverageSchema":"1a1c01bbd47fc00a2c39e90264f33305004495a9","hash":"d7b15382a6e526f228404b256d7d665a9ee87ece"}
}
