TN:
SF:backend\app.js
FN:25,(anonymous_0)
FN:57,(anonymous_1)
FN:106,(anonymous_2)
FN:114,(anonymous_3)
FN:121,(anonymous_4)
FN:124,(anonymous_5)
FNF:6
FNH:2
FNDA:0,(anonymous_0)
FNDA:1,(anonymous_1)
FNDA:0,(anonymous_2)
FNDA:1,(anonymous_3)
FNDA:0,(anonymous_4)
FNDA:0,(anonymous_5)
DA:4,1
DA:14,1
DA:15,1
DA:25,1
DA:26,0
DA:27,0
DA:28,0
DA:52,1
DA:54,1
DA:58,1
DA:63,1
DA:66,1
DA:78,1
DA:79,1
DA:92,1
DA:93,1
DA:94,1
DA:96,1
DA:97,1
DA:98,1
DA:99,1
DA:100,1
DA:101,1
DA:102,1
DA:104,1
DA:105,0
DA:106,0
DA:107,0
DA:111,1
DA:114,1
DA:115,1
DA:121,1
DA:122,0
DA:123,0
DA:124,0
DA:125,0
LF:36
LH:26
BRDA:104,0,0,0
BRDA:104,0,1,1
BRF:2
BRH:1
end_of_record
TN:
SF:backend\sum.js
FN:1,(anonymous_0)
FNF:1
FNH:1
FNDA:6,(anonymous_0)
DA:2,6
LF:1
LH:1
BRF:0
BRH:0
end_of_record
TN:
SF:backend\config\dbConnect.js
FN:5,(anonymous_0)
FN:16,(anonymous_1)
FNF:2
FNH:2
FNDA:1,(anonymous_0)
FNDA:1,(anonymous_1)
DA:5,1
DA:7,1
DA:9,1
DA:10,1
DA:11,1
DA:12,1
DA:16,1
DA:17,1
LF:8
LH:8
BRDA:9,0,0,0
BRDA:9,0,1,1
BRDA:10,1,0,0
BRDA:10,1,1,1
BRDA:11,2,0,0
BRDA:11,2,1,1
BRDA:12,3,0,1
BRDA:12,3,1,0
BRF:8
BRH:4
end_of_record
TN:
SF:backend\controllers\addressController.js
FN:4,(anonymous_0)
FNF:1
FNH:0
FNDA:0,(anonymous_0)
DA:4,1
DA:6,0
DA:10,0
DA:12,0
LF:4
LH:1
BRF:0
BRH:0
end_of_record
TN:
SF:backend\controllers\authControllers.js
FN:12,(anonymous_0)
FN:30,(anonymous_1)
FN:61,(anonymous_2)
FN:74,(anonymous_3)
FN:96,(anonymous_4)
FN:108,(anonymous_5)
FN:157,(anonymous_6)
FN:203,(anonymous_7)
FN:214,(anonymous_8)
FN:237,(anonymous_9)
FN:258,(anonymous_10)
FN:269,(anonymous_11)
FN:288,(anonymous_12)
FN:310,(anonymous_13)
FNF:14
FNH:6
FNDA:0,(anonymous_0)
FNDA:1,(anonymous_1)
FNDA:0,(anonymous_2)
FNDA:1,(anonymous_3)
FNDA:1,(anonymous_4)
FNDA:4,(anonymous_5)
FNDA:4,(anonymous_6)
FNDA:0,(anonymous_7)
FNDA:2,(anonymous_8)
FNDA:0,(anonymous_9)
FNDA:0,(anonymous_10)
FNDA:0,(anonymous_11)
FNDA:0,(anonymous_12)
FNDA:0,(anonymous_13)
DA:12,13
DA:14,0
DA:17,0
DA:25,0
DA:30,13
DA:32,1
DA:35,1
DA:36,0
DA:40,1
DA:43,1
DA:44,0
DA:48,1
DA:51,1
DA:52,0
DA:56,1
DA:61,13
DA:63,0
DA:68,0
DA:74,13
DA:75,1
DA:76,1
DA:79,1
DA:80,1
DA:81,1
DA:83,0
DA:87,1
DA:91,1
DA:96,13
DA:97,1
DA:98,1
DA:100,1
DA:108,13
DA:110,4
DA:112,4
DA:113,1
DA:117,3
DA:119,3
DA:125,3
DA:126,2
DA:128,1
DA:132,3
DA:134,3
DA:136,3
DA:142,2
DA:148,1
DA:149,1
DA:151,1
DA:152,1
DA:157,13
DA:159,4
DA:164,4
DA:169,4
DA:170,1
DA:179,3
DA:180,1
DA:184,2
DA:186,2
DA:187,2
DA:188,1
DA:192,1
DA:194,1
DA:195,1
DA:197,1
DA:199,1
DA:203,13
DA:205,0
DA:208,0
DA:214,13
DA:216,2
DA:219,2
DA:222,2
DA:223,1
DA:227,1
DA:228,1
DA:231,1
DA:237,13
DA:239,0
DA:247,0
DA:252,0
DA:258,13
DA:260,0
DA:263,0
DA:269,13
DA:271,0
DA:274,0
DA:276,0
DA:282,0
DA:288,13
DA:290,0
DA:299,0
DA:304,0
DA:310,13
DA:312,0
DA:315,0
DA:317,0
DA:323,0
DA:324,0
DA:328,0
DA:331,0
LF:99
LH:69
BRDA:35,0,0,0
BRDA:35,0,1,1
BRDA:35,1,0,1
BRDA:35,1,1,1
BRDA:43,2,0,0
BRDA:43,2,1,1
BRDA:51,3,0,0
BRDA:51,3,1,1
BRDA:79,4,0,1
BRDA:79,4,1,0
BRDA:112,5,0,1
BRDA:112,5,1,3
BRDA:125,6,0,2
BRDA:125,6,1,1
BRDA:169,7,0,1
BRDA:169,7,1,3
BRDA:179,8,0,1
BRDA:179,8,1,2
BRDA:187,9,0,1
BRDA:187,9,1,1
BRDA:222,10,0,1
BRDA:222,10,1,1
BRDA:274,11,0,0
BRDA:274,11,1,0
BRDA:315,12,0,0
BRDA:315,12,1,0
BRDA:323,13,0,0
BRDA:323,13,1,0
BRF:28
BRH:18
end_of_record
TN:
SF:backend\controllers\momoController.js
FN:22,(anonymous_0)
FN:50,(anonymous_1)
FN:171,(anonymous_2)
FNF:3
FNH:0
FNDA:0,(anonymous_0)
FNDA:0,(anonymous_1)
FNDA:0,(anonymous_2)
DA:7,1
DA:22,1
DA:24,0
DA:28,0
DA:30,0
DA:50,0
DA:51,0
DA:64,0
DA:78,0
DA:90,0
DA:92,0
DA:93,0
DA:97,0
DA:123,0
DA:130,0
DA:150,0
DA:160,0
DA:161,0
DA:162,0
DA:163,0
DA:165,0
DA:171,1
DA:172,0
DA:182,0
DA:184,0
DA:186,0
DA:218,0
DA:224,0
DA:225,0
DA:226,0
DA:228,0
DA:229,0
DA:230,0
DA:250,0
DA:255,0
DA:256,0
DA:260,0
DA:261,0
DA:265,0
LF:39
LH:3
BRDA:14,0,0,0
BRDA:14,0,1,1
BRDA:15,1,0,0
BRDA:15,1,1,1
BRDA:25,2,0,0
BRDA:25,2,1,0
BRDA:224,3,0,0
BRDA:224,3,1,0
BRDA:228,4,0,0
BRDA:228,4,1,0
BRF:10
BRH:2
end_of_record
TN:
SF:backend\controllers\orderControllers.js
FN:10,(anonymous_0)
FN:54,(anonymous_1)
FN:77,(anonymous_2)
FN:102,(anonymous_3)
FN:125,(anonymous_4)
FN:151,(anonymous_5)
FN:158,(anonymous_6)
FN:202,(anonymous_7)
FN:215,(anonymous_8)
FN:223,(anonymous_9)
FN:268,getSalesData
FN:300,(anonymous_11)
FN:315,(anonymous_12)
FN:327,getDatesBetween
FN:341,(anonymous_14)
FNF:15
FNH:0
FNDA:0,(anonymous_0)
FNDA:0,(anonymous_1)
FNDA:0,(anonymous_2)
FNDA:0,(anonymous_3)
FNDA:0,(anonymous_4)
FNDA:0,(anonymous_5)
FNDA:0,(anonymous_6)
FNDA:0,(anonymous_7)
FNDA:0,(anonymous_8)
FNDA:0,(anonymous_9)
FNDA:0,getSalesData
FNDA:0,(anonymous_11)
FNDA:0,(anonymous_12)
FNDA:0,getDatesBetween
FNDA:0,(anonymous_14)
DA:7,1
DA:10,1
DA:20,0
DA:23,0
DA:38,0
DA:40,0
DA:42,0
DA:44,0
DA:48,0
DA:54,1
DA:56,0
DA:57,0
DA:59,0
DA:60,0
DA:64,0
DA:65,0
DA:67,0
DA:70,0
DA:77,1
DA:78,0
DA:79,0
DA:81,0
DA:82,0
DA:86,0
DA:89,0
DA:90,0
DA:93,0
DA:96,0
DA:102,1
DA:104,0
DA:105,0
DA:107,0
DA:108,0
DA:112,0
DA:113,0
DA:115,0
DA:118,0
DA:125,1
DA:127,0
DA:130,0
DA:131,0
DA:135,0
DA:136,0
DA:140,0
DA:141,0
DA:145,0
DA:146,0
DA:150,0
DA:151,0
DA:152,0
DA:153,0
DA:154,0
DA:157,0
DA:158,0
DA:161,0
DA:162,0
DA:163,0
DA:164,0
DA:167,0
DA:170,0
DA:171,0
DA:175,0
DA:176,0
DA:178,0
DA:181,0
DA:182,0
DA:183,0
DA:185,0
DA:187,0
DA:189,0
DA:191,0
DA:195,0
DA:202,1
DA:203,0
DA:205,0
DA:206,0
DA:210,0
DA:211,0
DA:213,0
DA:214,0
DA:216,0
DA:221,0
DA:222,0
DA:223,0
DA:226,0
DA:227,0
DA:232,0
DA:235,0
DA:236,0
DA:237,0
DA:238,0
DA:240,0
DA:242,0
DA:244,0
DA:260,0
DA:269,0
DA:296,0
DA:297,0
DA:298,0
DA:300,0
DA:301,0
DA:302,0
DA:303,0
DA:305,0
DA:306,0
DA:307,0
DA:311,0
DA:315,0
DA:324,0
DA:328,0
DA:329,0
DA:331,0
DA:332,0
DA:333,0
DA:334,0
DA:337,0
DA:341,1
DA:342,0
DA:343,0
DA:345,0
DA:346,0
DA:348,0
DA:351,0
LF:123
LH:8
BRDA:59,0,0,0
BRDA:59,0,1,0
BRDA:81,1,0,0
BRDA:81,1,1,0
BRDA:89,2,0,0
BRDA:89,2,1,0
BRDA:107,3,0,0
BRDA:107,3,1,0
BRDA:130,4,0,0
BRDA:130,4,1,0
BRDA:135,5,0,0
BRDA:135,5,1,0
BRDA:140,6,0,0
BRDA:140,6,1,0
BRDA:140,7,0,0
BRDA:140,7,1,0
BRDA:145,8,0,0
BRDA:145,8,1,0
BRDA:150,9,0,0
BRDA:150,9,1,0
BRDA:153,10,0,0
BRDA:153,10,1,0
BRDA:161,11,0,0
BRDA:161,11,1,0
BRDA:170,12,0,0
BRDA:170,12,1,0
BRDA:205,13,0,0
BRDA:205,13,1,0
BRDA:213,14,0,0
BRDA:213,14,1,0
BRDA:216,15,0,0
BRDA:216,15,1,0
BRDA:224,16,0,0
BRDA:224,16,1,0
BRDA:317,17,0,0
BRDA:317,17,1,0
BRDA:318,18,0,0
BRDA:318,18,1,0
BRF:38
BRH:0
end_of_record
TN:
SF:backend\controllers\passportController.js
FN:45,(anonymous_0)
FN:92,(anonymous_1)
FN:132,(anonymous_2)
FN:138,(anonymous_3)
FNF:4
FNH:0
FNDA:0,(anonymous_0)
FNDA:0,(anonymous_1)
FNDA:0,(anonymous_2)
FNDA:0,(anonymous_3)
DA:8,1
DA:14,1
DA:15,1
DA:18,1
DA:20,1
DA:21,0
DA:22,0
DA:23,1
DA:24,0
DA:26,1
DA:27,1
DA:30,0
DA:33,1
DA:46,0
DA:47,0
DA:48,0
DA:50,0
DA:51,0
DA:55,0
DA:58,0
DA:71,0
DA:73,0
DA:75,0
DA:82,1
DA:93,0
DA:94,0
DA:95,0
DA:96,0
DA:97,0
DA:99,0
DA:100,0
DA:104,0
DA:107,0
DA:108,0
DA:121,0
DA:123,0
DA:125,0
DA:132,1
DA:133,0
DA:138,1
DA:139,0
DA:140,0
DA:141,0
DA:143,0
LF:44
LH:12
BRDA:18,0,0,1
BRDA:18,0,1,0
BRDA:20,1,0,0
BRDA:20,1,1,1
BRDA:23,2,0,0
BRDA:23,2,1,1
BRDA:40,3,0,0
BRDA:40,3,1,1
BRDA:48,4,0,0
BRDA:48,4,1,0
BRDA:88,5,0,0
BRDA:88,5,1,1
BRDA:97,6,0,0
BRDA:97,6,1,0
BRF:14
BRH:5
end_of_record
TN:
SF:backend\controllers\paypalController.js
FN:29,(anonymous_0)
FN:59,(anonymous_1)
FN:134,(anonymous_2)
FN:241,downloadAndCache
FN:248,(anonymous_4)
FN:263,verifySignature
FN:289,(anonymous_6)
FN:312,(anonymous_7)
FNF:8
FNH:0
FNDA:0,(anonymous_0)
FNDA:0,(anonymous_1)
FNDA:0,(anonymous_2)
FNDA:0,downloadAndCache
FNDA:0,(anonymous_4)
FNDA:0,verifySignature
FNDA:0,(anonymous_6)
FNDA:0,(anonymous_7)
DA:9,1
DA:15,1
DA:17,1
DA:21,1
DA:29,1
DA:30,0
DA:31,0
DA:32,0
DA:34,0
DA:38,0
DA:47,0
DA:48,0
DA:50,0
DA:59,1
DA:60,0
DA:68,0
DA:72,0
DA:134,0
DA:147,0
DA:198,0
DA:213,0
DA:215,0
DA:216,0
DA:218,0
DA:219,0
DA:242,0
DA:243,0
DA:245,0
DA:248,0
DA:249,0
DA:250,0
DA:256,0
DA:258,0
DA:260,0
DA:264,0
DA:265,0
DA:266,0
DA:268,0
DA:271,0
DA:274,0
DA:280,0
DA:283,0
DA:285,0
DA:289,1
DA:290,0
DA:293,0
DA:297,0
DA:303,0
DA:305,0
DA:306,0
DA:311,0
DA:312,0
DA:327,0
DA:360,0
DA:394,0
DA:397,0
DA:399,0
DA:401,0
DA:408,0
LF:59
LH:7
BRDA:17,0,0,0
BRDA:17,0,1,1
BRDA:21,1,0,0
BRDA:21,1,1,1
BRDA:31,2,0,0
BRDA:31,2,1,0
BRDA:31,3,0,0
BRDA:31,3,1,0
BRDA:73,4,0,0
BRDA:73,4,1,0
BRDA:242,5,0,0
BRDA:242,5,1,0
BRDA:249,6,0,0
BRDA:249,6,1,0
BRDA:305,7,0,0
BRDA:305,7,1,0
BRF:16
BRH:2
end_of_record
TN:
SF:backend\controllers\productControllers.js
FN:14,(anonymous_0)
FN:167,(anonymous_1)
FN:206,(anonymous_2)
FN:239,(anonymous_3)
FN:251,(anonymous_4)
FN:311,(anonymous_5)
FN:320,(anonymous_6)
FN:337,(anonymous_7)
FN:353,(anonymous_8)
FN:366,(anonymous_9)
FN:381,(anonymous_10)
FN:397,(anonymous_11)
FN:423,(anonymous_12)
FN:441,(anonymous_13)
FN:477,(anonymous_14)
FN:485,(anonymous_15)
FN:503,(anonymous_16)
FN:530,(anonymous_17)
FN:569,(anonymous_18)
FN:581,(anonymous_19)
FN:591,(anonymous_20)
FN:624,(anonymous_21)
FNF:22
FNH:2
FNDA:0,(anonymous_0)
FNDA:0,(anonymous_1)
FNDA:4,(anonymous_2)
FNDA:0,(anonymous_3)
FNDA:3,(anonymous_4)
FNDA:0,(anonymous_5)
FNDA:0,(anonymous_6)
FNDA:0,(anonymous_7)
FNDA:0,(anonymous_8)
FNDA:0,(anonymous_9)
FNDA:0,(anonymous_10)
FNDA:0,(anonymous_11)
FNDA:0,(anonymous_12)
FNDA:0,(anonymous_13)
FNDA:0,(anonymous_14)
FNDA:0,(anonymous_15)
FNDA:0,(anonymous_16)
FNDA:0,(anonymous_17)
FNDA:0,(anonymous_18)
FNDA:0,(anonymous_19)
FNDA:0,(anonymous_20)
FNDA:0,(anonymous_21)
DA:14,8
DA:16,0
DA:17,0
DA:21,0
DA:26,0
DA:27,0
DA:29,0
DA:30,0
DA:31,0
DA:32,0
DA:33,0
DA:35,0
DA:51,0
DA:54,0
DA:55,0
DA:61,0
DA:62,0
DA:64,0
DA:65,0
DA:66,0
DA:67,0
DA:71,0
DA:76,0
DA:77,0
DA:78,0
DA:81,0
DA:82,0
DA:85,0
DA:93,0
DA:94,0
DA:98,0
DA:167,8
DA:170,0
DA:171,0
DA:174,0
DA:189,0
DA:191,0
DA:193,0
DA:195,0
DA:199,0
DA:206,8
DA:207,4
DA:209,4
DA:211,4
DA:213,3
DA:215,1
DA:218,2
DA:222,2
DA:223,1
DA:227,1
DA:230,1
DA:233,1
DA:234,1
DA:239,8
DA:241,0
DA:244,0
DA:251,8
DA:253,3
DA:254,3
DA:256,1
DA:259,2
DA:293,2
DA:295,2
DA:297,1
DA:299,1
DA:300,1
DA:304,1
DA:311,8
DA:313,0
DA:315,0
DA:317,0
DA:320,0
DA:322,0
DA:324,0
DA:325,0
DA:328,0
DA:330,0
DA:335,0
DA:336,0
DA:337,0
DA:339,0
DA:340,0
DA:343,0
DA:346,0
DA:353,8
DA:355,0
DA:357,0
DA:359,0
DA:362,0
DA:364,0
DA:365,0
DA:366,0
DA:369,0
DA:372,0
DA:374,0
DA:379,0
DA:380,0
DA:381,0
DA:383,0
DA:384,0
DA:387,0
DA:390,0
DA:397,8
DA:399,0
DA:401,0
DA:403,0
DA:407,0
DA:408,0
DA:411,0
DA:414,0
DA:416,0
DA:421,0
DA:422,0
DA:423,0
DA:425,0
DA:426,0
DA:429,0
DA:432,0
DA:441,8
DA:443,0
DA:446,0
DA:447,0
DA:448,0
DA:452,0
DA:453,0
DA:457,0
DA:467,0
DA:470,0
DA:472,0
DA:476,0
DA:478,0
DA:484,0
DA:485,0
DA:486,0
DA:491,0
DA:492,0
DA:497,0
DA:498,0
DA:502,0
DA:503,0
DA:507,0
DA:510,0
DA:513,0
DA:514,0
DA:518,0
DA:522,0
DA:530,8
DA:531,0
DA:533,0
DA:535,0
DA:536,0
DA:538,0
DA:540,0
DA:545,0
DA:548,0
DA:550,0
DA:552,0
DA:554,0
DA:557,0
DA:561,0
DA:562,0
DA:569,8
DA:571,0
DA:574,0
DA:576,0
DA:580,0
DA:581,0
DA:585,0
DA:589,0
DA:591,0
DA:595,0
DA:604,0
DA:605,0
DA:606,0
DA:607,0
DA:611,0
DA:615,0
DA:624,8
DA:626,0
DA:633,0
DA:635,0
DA:639,0
LF:182
LH:34
BRDA:21,0,0,0
BRDA:21,0,1,0
BRDA:21,0,2,0
BRDA:21,0,3,0
BRDA:29,1,0,0
BRDA:29,1,1,0
BRDA:32,2,0,0
BRDA:32,2,1,0
BRDA:64,3,0,0
BRDA:64,3,1,0
BRDA:102,4,0,0
BRDA:102,4,1,0
BRDA:213,5,0,1
BRDA:213,5,1,2
BRDA:222,6,0,1
BRDA:222,6,1,1
BRDA:254,7,0,1
BRDA:254,7,1,2
BRDA:315,8,0,0
BRDA:315,8,1,0
BRDA:337,9,0,0
BRDA:337,9,1,0
BRDA:339,10,0,0
BRDA:339,10,1,0
BRDA:357,11,0,0
BRDA:357,11,1,0
BRDA:364,12,0,0
BRDA:364,12,1,0
BRDA:381,13,0,0
BRDA:381,13,1,0
BRDA:383,14,0,0
BRDA:383,14,1,0
BRDA:401,15,0,0
BRDA:401,15,1,0
BRDA:423,16,0,0
BRDA:423,16,1,0
BRDA:425,17,0,0
BRDA:425,17,1,0
BRDA:447,18,0,0
BRDA:447,18,1,0
BRDA:452,19,0,0
BRDA:452,19,1,0
BRDA:470,20,0,0
BRDA:470,20,1,0
BRDA:478,21,0,0
BRDA:478,21,1,0
BRDA:478,21,2,0
BRDA:484,22,0,0
BRDA:484,22,1,0
BRDA:486,23,0,0
BRDA:486,23,1,0
BRDA:487,24,0,0
BRDA:487,24,1,0
BRDA:487,24,2,0
BRDA:538,25,0,0
BRDA:538,25,1,0
BRDA:548,26,0,0
BRDA:548,26,1,0
BRDA:574,27,0,0
BRDA:574,27,1,0
BRDA:589,28,0,0
BRDA:589,28,1,0
BRDA:633,29,0,0
BRDA:633,29,1,0
BRF:64
BRH:6
end_of_record
TN:
SF:backend\controllers\stripeController.js
FN:17,(anonymous_0)
FN:21,(anonymous_1)
FN:99,(anonymous_2)
FN:100,(anonymous_3)
FN:103,(anonymous_4)
FN:128,(anonymous_5)
FNF:6
FNH:0
FNDA:0,(anonymous_0)
FNDA:0,(anonymous_1)
FNDA:0,(anonymous_2)
FNDA:0,(anonymous_3)
FNDA:0,(anonymous_4)
FNDA:0,(anonymous_5)
DA:5,1
DA:6,1
DA:8,1
DA:12,1
DA:17,1
DA:18,0
DA:21,0
DA:22,0
DA:53,0
DA:57,0
DA:90,0
DA:91,0
DA:92,0
DA:94,0
DA:99,1
DA:100,0
DA:101,0
DA:103,0
DA:104,0
DA:105,0
DA:107,0
DA:120,0
DA:121,0
DA:128,1
DA:131,0
DA:132,0
DA:134,0
DA:141,0
DA:142,0
DA:143,0
DA:146,0
DA:148,0
DA:170,0
DA:171,0
DA:172,0
DA:174,0
DA:175,0
DA:176,0
DA:178,0
DA:181,0
DA:182,0
DA:183,0
LF:42
LH:7
BRDA:8,0,0,0
BRDA:8,0,1,1
BRDA:12,1,0,0
BRDA:12,1,1,1
BRDA:54,2,0,0
BRDA:54,2,1,0
BRDA:82,3,0,0
BRDA:82,3,1,0
BRDA:120,4,0,0
BRDA:120,4,1,0
BRDA:135,5,0,0
BRDA:135,5,1,0
BRDA:141,6,0,0
BRDA:141,6,1,0
BRF:14
BRH:2
end_of_record
TN:
SF:backend\controllers\zalopayController.js
FN:27,(anonymous_0)
FN:102,(anonymous_1)
FNF:2
FNH:0
FNDA:0,(anonymous_0)
FNDA:0,(anonymous_1)
DA:7,1
DA:10,1
DA:14,1
DA:18,1
DA:27,1
DA:28,0
DA:33,0
DA:37,0
DA:60,0
DA:73,0
DA:77,0
DA:90,0
DA:92,0
DA:93,0
DA:94,0
DA:95,0
DA:97,0
DA:102,1
DA:103,0
DA:105,0
DA:106,0
DA:107,0
DA:109,0
DA:110,0
DA:113,0
DA:115,0
DA:116,0
DA:118,0
DA:119,0
DA:120,0
DA:122,0
DA:135,0
DA:138,0
DA:139,0
DA:141,0
DA:146,0
DA:147,0
DA:152,0
DA:153,0
DA:156,0
DA:157,0
DA:161,0
LF:42
LH:6
BRDA:10,0,0,0
BRDA:10,0,1,1
BRDA:14,1,0,0
BRDA:14,1,1,1
BRDA:34,2,0,0
BRDA:34,2,1,0
BRDA:113,3,0,0
BRDA:113,3,1,0
BRF:8
BRH:2
end_of_record
TN:
SF:backend\middlewares\auth.js
FN:7,(anonymous_0)
FN:22,(anonymous_1)
FN:23,(anonymous_2)
FN:39,(anonymous_3)
FNF:4
FNH:1
FNDA:0,(anonymous_0)
FNDA:13,(anonymous_1)
FNDA:0,(anonymous_2)
FNDA:0,(anonymous_3)
DA:7,1
DA:8,0
DA:10,0
DA:11,0
DA:15,0
DA:16,0
DA:18,0
DA:22,1
DA:23,13
DA:25,0
DA:26,0
DA:34,0
DA:39,1
DA:40,0
DA:42,0
DA:44,0
DA:45,0
DA:47,0
LF:18
LH:4
BRDA:10,0,0,0
BRDA:10,0,1,0
BRDA:25,1,0,0
BRDA:25,1,1,0
BRDA:44,2,0,0
BRDA:44,2,1,0
BRF:6
BRH:0
end_of_record
TN:
SF:backend\middlewares\catchAsyncErrors.js
FN:4,(anonymous_0)
FN:4,(anonymous_1)
FNF:2
FNH:2
FNDA:296,(anonymous_0)
FNDA:20,(anonymous_1)
DA:4,296
DA:6,20
LF:2
LH:2
BRF:0
BRH:0
end_of_record
TN:
SF:backend\middlewares\errors.js
FN:9,(anonymous_0)
FN:25,(anonymous_1)
FNF:2
FNH:2
FNDA:6,(anonymous_0)
FNDA:2,(anonymous_1)
DA:10,6
DA:15,6
DA:17,1
DA:19,1
DA:23,6
DA:25,2
DA:27,1
DA:31,6
DA:33,1
DA:35,1
DA:39,6
DA:41,1
DA:43,1
DA:47,6
DA:49,1
DA:51,1
DA:54,6
DA:55,5
DA:62,6
DA:63,1
LF:20
LH:20
BRDA:11,0,0,6
BRDA:11,0,1,6
BRDA:12,1,0,6
BRDA:12,1,1,6
BRDA:15,2,0,1
BRDA:15,2,1,5
BRDA:23,3,0,1
BRDA:23,3,1,5
BRDA:31,4,0,1
BRDA:31,4,1,5
BRDA:39,5,0,1
BRDA:39,5,1,5
BRDA:47,6,0,1
BRDA:47,6,1,5
BRDA:54,7,0,5
BRDA:54,7,1,1
BRDA:62,8,0,1
BRDA:62,8,1,5
BRF:18
BRH:18
end_of_record
TN:
SF:backend\models\order.js
FNF:0
FNH:0
DA:3,8
LF:1
LH:1
BRF:0
BRH:0
end_of_record
TN:
SF:backend\models\product.js
FNF:0
FNH:0
DA:4,2
LF:1
LH:1
BRF:0
BRH:0
end_of_record
TN:
SF:backend\models\user.js
FN:65,(anonymous_0)
FN:74,(anonymous_1)
FN:81,(anonymous_2)
FN:86,(anonymous_3)
FNF:4
FNH:2
FNDA:0,(anonymous_0)
FNDA:1,(anonymous_1)
FNDA:1,(anonymous_2)
FNDA:0,(anonymous_3)
DA:6,3
DA:65,3
DA:66,0
DA:67,0
DA:70,0
DA:74,3
DA:75,1
DA:81,3
DA:82,1
DA:86,3
DA:88,0
DA:91,0
DA:97,0
DA:99,0
LF:14
LH:7
BRDA:66,0,0,0
BRDA:66,0,1,0
BRF:2
BRH:0
end_of_record
TN:
SF:backend\routes\address.js
FNF:0
FNH:0
DA:5,1
DA:7,1
LF:2
LH:2
BRF:0
BRH:0
end_of_record
TN:
SF:backend\routes\auth.js
FN:47,(anonymous_0)
FN:59,(anonymous_1)
FN:70,(anonymous_2)
FN:92,(anonymous_3)
FNF:4
FNH:0
FNDA:0,(anonymous_0)
FNDA:0,(anonymous_1)
FNDA:0,(anonymous_2)
FNDA:0,(anonymous_3)
DA:22,1
DA:25,1
DA:28,1
DA:32,1
DA:41,1
DA:48,0
DA:49,0
DA:51,0
DA:52,0
DA:59,1
DA:60,0
DA:61,0
DA:70,1
DA:71,0
DA:85,1
DA:90,1
DA:94,0
DA:99,1
DA:102,1
DA:105,1
DA:108,1
DA:111,1
DA:114,1
DA:116,1
DA:118,1
DA:121,1
DA:124,1
LF:27
LH:19
BRDA:60,0,0,0
BRDA:60,0,1,0
BRF:2
BRH:0
end_of_record
TN:
SF:backend\routes\momo.js
FNF:0
FNH:0
DA:7,1
DA:9,1
DA:10,1
LF:3
LH:3
BRF:0
BRH:0
end_of_record
TN:
SF:backend\routes\order.js
FNF:0
FNH:0
DA:13,1
DA:15,1
DA:16,1
DA:17,1
DA:19,1
DA:23,1
DA:27,1
LF:7
LH:7
BRF:0
BRH:0
end_of_record
TN:
SF:backend\routes\paypal.js
FNF:0
FNH:0
DA:7,1
DA:9,1
DA:10,1
LF:3
LH:3
BRF:0
BRH:0
end_of_record
TN:
SF:backend\routes\products.js
FNF:0
FNH:0
DA:27,1
DA:30,1
DA:33,1
DA:40,1
DA:43,1
DA:48,1
DA:53,1
DA:56,1
DA:58,1
DA:65,1
DA:70,1
LF:11
LH:11
BRF:0
BRH:0
end_of_record
TN:
SF:backend\routes\stripe.js
FNF:0
FNH:0
DA:7,1
DA:9,1
DA:10,1
LF:3
LH:3
BRF:0
BRH:0
end_of_record
TN:
SF:backend\routes\zalopay.js
FNF:0
FNH:0
DA:7,1
DA:9,1
DA:10,1
LF:3
LH:3
BRF:0
BRH:0
end_of_record
TN:
SF:backend\utils\apiFilters.js
FN:4,(anonymous_0)
FN:9,(anonymous_1)
FN:45,(anonymous_2)
FN:51,(anonymous_3)
FN:55,(anonymous_4)
FN:70,(anonymous_5)
FN:77,(anonymous_6)
FNF:7
FNH:0
FNDA:0,(anonymous_0)
FNDA:0,(anonymous_1)
FNDA:0,(anonymous_2)
FNDA:0,(anonymous_3)
FNDA:0,(anonymous_4)
FNDA:0,(anonymous_5)
FNDA:0,(anonymous_6)
DA:5,0
DA:6,0
DA:12,0
DA:24,0
DA:25,0
DA:26,0
DA:28,0
DA:29,0
DA:30,0
DA:33,0
DA:34,0
DA:35,0
DA:39,0
DA:41,0
DA:47,0
DA:49,0
DA:51,0
DA:53,0
DA:55,0
DA:58,0
DA:59,0
DA:63,0
DA:67,0
DA:71,0
DA:72,0
DA:73,0
DA:74,0
DA:78,0
DA:79,0
DA:80,0
DA:83,0
DA:85,0
LF:32
LH:0
BRDA:12,0,0,0
BRDA:12,0,1,0
BRDA:25,1,0,0
BRDA:25,1,1,0
BRDA:29,2,0,0
BRDA:29,2,1,0
BRDA:34,3,0,0
BRDA:34,3,1,0
BRDA:58,4,0,0
BRDA:58,4,1,0
BRDA:71,5,0,0
BRDA:71,5,1,0
BRDA:78,6,0,0
BRDA:78,6,1,0
BRF:14
BRH:0
end_of_record
TN:
SF:backend\utils\cloudinary.js
FN:13,(anonymous_0)
FN:14,(anonymous_1)
FN:17,(anonymous_2)
FN:54,(anonymous_3)
FNF:4
FNH:0
FNDA:0,(anonymous_0)
FNDA:0,(anonymous_1)
FNDA:0,(anonymous_2)
FNDA:0,(anonymous_3)
DA:3,20
DA:7,20
DA:13,20
DA:14,0
DA:15,0
DA:18,0
DA:54,20
DA:55,0
DA:57,0
LF:9
LH:4
BRDA:57,0,0,0
BRDA:57,0,1,0
BRF:2
BRH:0
end_of_record
TN:
SF:backend\utils\emailTemplates.js
FN:1,(anonymous_0)
FNF:1
FNH:1
FNDA:3,(anonymous_0)
DA:1,13
LF:1
LH:1
BRF:0
BRH:0
end_of_record
TN:
SF:backend\utils\errorHandler.js
FN:7,(anonymous_0)
FNF:1
FNH:1
FNDA:23,(anonymous_0)
DA:8,23
DA:9,23
DA:11,23
LF:3
LH:3
BRF:0
BRH:0
end_of_record
TN:
SF:backend\utils\redisClient.js
FN:16,(anonymous_0)
FN:20,(anonymous_1)
FNF:2
FNH:1
FNDA:0,(anonymous_0)
FNDA:1,(anonymous_1)
DA:6,1
DA:16,1
DA:17,0
DA:20,1
DA:21,1
DA:23,1
LF:6
LH:5
BRF:0
BRH:0
end_of_record
TN:
SF:backend\utils\sendEmail.js
FN:33,(anonymous_0)
FNF:1
FNH:0
FNDA:0,(anonymous_0)
DA:33,10
DA:34,0
DA:35,0
DA:48,0
DA:55,0
DA:57,0
DA:58,0
DA:60,0
DA:61,0
LF:9
LH:1
BRF:0
BRH:0
end_of_record
TN:
SF:backend\utils\sendToken.js
FN:2,(anonymous_0)
FNF:1
FNH:1
FNDA:1,(anonymous_0)
DA:4,1
DA:7,1
DA:14,1
DA:16,1
DA:17,1
DA:20,0
DA:21,0
DA:22,0
DA:23,0
DA:25,0
LF:10
LH:5
BRDA:2,0,0,1
BRDA:14,1,0,1
BRDA:14,1,1,0
BRDA:20,2,0,0
BRDA:20,2,1,0
BRDA:20,3,0,0
BRDA:20,3,1,0
BRDA:21,4,0,0
BRDA:21,4,1,0
BRF:9
BRH:2
end_of_record
